#
# There is insufficient memory for the Java Runtime Environment to continue.
# Native memory allocation (mmap) failed to map 12288 bytes for committing reserved memory.
# Possible reasons:
#   The system is out of physical RAM or swap space
#   In 32 bit mode, the process size limit was hit
# Possible solutions:
#   Reduce memory load on the system
#   Increase physical memory or swap space
#   Check if swap backing store is full
#   Use 64 bit Java on a 64 bit OS
#   Decrease Java heap size (-Xmx/-Xms)
#   Decrease number of Java threads
#   Decrease Java thread stack sizes (-Xss)
#   Set larger code cache with -XX:ReservedCodeCacheSize=
# This output file may be truncated or incomplete.
#
#  Out of Memory Error (os_linux.cpp:2746), pid=32648, tid=0x00007f232b2f6700
#
# JRE version: OpenJDK Runtime Environment (8.0_191-b12) (build 1.8.0_191-8u191-b12-0ubuntu0.16.04.1-b12)
# Java VM: OpenJDK 64-Bit Server VM (25.191-b12 mixed mode linux-amd64 compressed oops)
# Failed to write core dump. Core dumps have been disabled. To enable core dumping, try "ulimit -c unlimited" before starting Java again
#

---------------  T H R E A D  ---------------

Current thread (0x00007f23600d5000):  JavaThread "DiscoveryClient-HeartbeatExecutor-1" daemon [_thread_new, id=3688, stack(0x00007f232b1f6000,0x00007f232b2f7000)]

Stack: [0x00007f232b1f6000,0x00007f232b2f7000],  sp=0x00007f232b2f5b70,  free space=1022k
Native frames: (J=compiled Java code, j=interpreted, Vv=VM code, C=native code)
V  [libjvm.so+0xa742ab]
V  [libjvm.so+0x4c8f4c]
V  [libjvm.so+0x8c096c]
V  [libjvm.so+0x8b824e]
V  [libjvm.so+0x8c1f37]
V  [libjvm.so+0xa18b67]
V  [libjvm.so+0x8be122]
C  [libpthread.so.0+0x76ba]  start_thread+0xca


---------------  P R O C E S S  ---------------

Java Threads: ( => current thread )
=>0x00007f23600d5000 JavaThread "DiscoveryClient-HeartbeatExecutor-1" daemon [_thread_new, id=3688, stack(0x00007f232b1f6000,0x00007f232b2f7000)]
  0x00007f2340001000 JavaThread "AsyncResolver-bootstrap-executor-0" daemon [_thread_blocked, id=619, stack(0x00007f232b2f7000,0x00007f232b3f8000)]
  0x00007f23603dd000 JavaThread "DiscoveryClient-HeartbeatExecutor-0" daemon [_thread_in_vm, id=327, stack(0x00007f232b7f8000,0x00007f232b8f9000)]
  0x00007f236c248000 JavaThread "DiscoveryClient-CacheRefreshExecutor-0" daemon [_thread_in_vm, id=326, stack(0x00007f232b8f9000,0x00007f232b9fa000)]
  0x00007f23bc014800 JavaThread "DestroyJavaVM" [_thread_blocked, id=32650, stack(0x00007f23c4c74000,0x00007f23c4d75000)]
  0x00007f23bd660800 JavaThread "http-nio-8001-AsyncTimeout" daemon [_thread_blocked, id=32754, stack(0x00007f232b9fa000,0x00007f232bafb000)]
  0x00007f23bd65f800 JavaThread "http-nio-8001-Acceptor-0" daemon [_thread_in_native, id=32753, stack(0x00007f232bafb000,0x00007f232bbfc000)]
  0x00007f23bd65d000 JavaThread "http-nio-8001-ClientPoller-1" daemon [_thread_in_native, id=32752, stack(0x00007f232bbfc000,0x00007f232bcfd000)]
  0x00007f23bd65b800 JavaThread "http-nio-8001-ClientPoller-0" daemon [_thread_in_native, id=32751, stack(0x00007f232bcfd000,0x00007f232bdfe000)]
  0x00007f23bd63f800 JavaThread "http-nio-8001-exec-10" daemon [_thread_blocked, id=32750, stack(0x00007f232bdfe000,0x00007f232beff000)]
  0x00007f23bd63e000 JavaThread "http-nio-8001-exec-9" daemon [_thread_blocked, id=32749, stack(0x00007f232beff000,0x00007f232c000000)]
  0x00007f23bd63c800 JavaThread "http-nio-8001-exec-8" daemon [_thread_blocked, id=32748, stack(0x00007f236402d000,0x00007f236412e000)]
  0x00007f23bd63a800 JavaThread "http-nio-8001-exec-7" daemon [_thread_blocked, id=32747, stack(0x00007f236412e000,0x00007f236422f000)]
  0x00007f23bd638800 JavaThread "http-nio-8001-exec-6" daemon [_thread_blocked, id=32746, stack(0x00007f236422f000,0x00007f2364330000)]
  0x00007f23bd636800 JavaThread "http-nio-8001-exec-5" daemon [_thread_blocked, id=32745, stack(0x00007f2364330000,0x00007f2364431000)]
  0x00007f23bd634800 JavaThread "http-nio-8001-exec-4" daemon [_thread_blocked, id=32744, stack(0x00007f2364431000,0x00007f2364532000)]
  0x00007f23bd632800 JavaThread "http-nio-8001-exec-3" daemon [_thread_blocked, id=32743, stack(0x00007f2364532000,0x00007f2364633000)]
  0x00007f23bd631000 JavaThread "http-nio-8001-exec-2" daemon [_thread_blocked, id=32742, stack(0x00007f2364633000,0x00007f2364734000)]
  0x00007f23bd62f800 JavaThread "http-nio-8001-exec-1" daemon [_thread_blocked, id=32741, stack(0x00007f2364734000,0x00007f2364835000)]
  0x00007f23bd62d800 JavaThread "NioBlockingSelector.BlockPoller-1" daemon [_thread_in_native, id=32740, stack(0x00007f2364835000,0x00007f2364936000)]
  0x00007f23bd607800 JavaThread "DiscoveryClient-InstanceInfoReplicator-0" daemon [_thread_blocked, id=32739, stack(0x00007f2364f95000,0x00007f2365096000)]
  0x00007f23bd6a8800 JavaThread "DiscoveryClient-1" daemon [_thread_blocked, id=32738, stack(0x00007f2380efe000,0x00007f2380fff000)]
  0x00007f23bd6a7800 JavaThread "DiscoveryClient-0" daemon [_thread_blocked, id=32737, stack(0x00007f23a849b000,0x00007f23a859c000)]
  0x00007f23bd0c4800 JavaThread "AsyncResolver-bootstrap-0" daemon [_thread_blocked, id=32736, stack(0x00007f2365096000,0x00007f2365197000)]
  0x00007f23bd09e800 JavaThread "Eureka-JerseyClient-Conn-Cleaner2" daemon [_thread_blocked, id=32735, stack(0x00007f2365d97000,0x00007f2365e98000)]
  0x00007f23bdfa4800 JavaThread "HikariPool-1 housekeeper" daemon [_thread_blocked, id=32731, stack(0x00007f2365e98000,0x00007f2365f99000)]
  0x00007f23bc5a6800 JavaThread "container-0" [_thread_blocked, id=32728, stack(0x00007f2366599000,0x00007f236669a000)]
  0x00007f23bc5a5800 JavaThread "ContainerBackgroundProcessor[StandardEngine[Tomcat]]" daemon [_thread_blocked, id=32727, stack(0x00007f236669a000,0x00007f236679b000)]
  0x00007f237401e000 JavaThread "SimplePauseDetectorThread_0" daemon [_thread_in_vm, id=32726, stack(0x00007f236679b000,0x00007f236689c000)]
  0x00007f237401b800 JavaThread "Thread-5" daemon [_thread_blocked, id=32725, stack(0x00007f236689c000,0x00007f236699d000)]
  0x00007f23603b7800 JavaThread "spring.cloud.inetutils" daemon [_thread_blocked, id=32724, stack(0x00007f2366b9d000,0x00007f2366c9e000)]
  0x00007f23600ff000 JavaThread "Abandoned connection cleanup thread" daemon [_thread_in_vm, id=32723, stack(0x00007f2366c9e000,0x00007f2366d9f000)]
  0x00007f23bc948800 JavaThread "Service Thread" daemon [_thread_blocked, id=32676, stack(0x00007f23a869d000,0x00007f23a879e000)]
  0x00007f23bc943000 JavaThread "C1 CompilerThread2" daemon [_thread_in_native, id=32675, stack(0x00007f23a89b6000,0x00007f23a8ab7000)]
  0x00007f23bc93f800 JavaThread "C2 CompilerThread1" daemon [_thread_in_vm, id=32674, stack(0x00007f23a8ab7000,0x00007f23a8bb8000)]
  0x00007f23bc93d800 JavaThread "C2 CompilerThread0" daemon [_thread_in_native, id=32673, stack(0x00007f23a8bb8000,0x00007f23a8cb9000)]
  0x00007f23bc93b000 JavaThread "Monitor Ctrl-Break" daemon [_thread_in_native, id=32672, stack(0x00007f23a8cb9000,0x00007f23a8dba000)]
  0x00007f23bc188800 JavaThread "Signal Dispatcher" daemon [_thread_blocked, id=32671, stack(0x00007f23a92e1000,0x00007f23a93e2000)]
  0x00007f23bc155800 JavaThread "Finalizer" daemon [_thread_blocked, id=32664, stack(0x00007f23a9da1000,0x00007f23a9ea2000)]
  0x00007f23bc153000 JavaThread "Reference Handler" daemon [_thread_blocked, id=32662, stack(0x00007f23a9ea2000,0x00007f23a9fa3000)]

Other Threads:
  0x00007f23bc149000 VMThread [stack: 0x00007f23a9fa3000,0x00007f23aa0a4000] [id=32660]
  0x00007f23bc94a800 WatcherThread [stack: 0x00007f23a859c000,0x00007f23a869d000] [id=32677]

VM state:not at safepoint (normal execution)

VM Mutex/Monitor currently owned by a thread: None

Heap:
 PSYoungGen      total 313344K, used 84353K [0x00000000ebe00000, 0x0000000100000000, 0x0000000100000000)
  eden space 297984K, 23% used [0x00000000ebe00000,0x00000000f019ebf8,0x00000000fe100000)
  from space 15360K, 98% used [0x00000000fe100000,0x00000000fefc1918,0x00000000ff000000)
  to   space 16384K, 0% used [0x00000000ff000000,0x00000000ff000000,0x0000000100000000)
 ParOldGen       total 81920K, used 34941K [0x00000000c3a00000, 0x00000000c8a00000, 0x00000000ebe00000)
  object space 81920K, 42% used [0x00000000c3a00000,0x00000000c5c1f6b8,0x00000000c8a00000)
 Metaspace       used 69109K, capacity 72294K, committed 72448K, reserved 1112064K
  class space    used 9070K, capacity 9649K, committed 9728K, reserved 1048576K

Card table byte_map: [0x00007f23c0f30000,0x00007f23c1114000] byte_map_base: 0x00007f23c0913000

Marking Bits: (ParMarkBitMap*) 0x00007f23c3f42520
 Begin Bits: [0x00007f23ab1d0000, 0x00007f23ac0e8000)
 End Bits:   [0x00007f23ac0e8000, 0x00007f23ad000000)

Polling page: 0x00007f23c4d96000

CodeCache: size=245760Kb used=17898Kb max_used=17912Kb free=227861Kb
 bounds [0x00007f23ad000000, 0x00007f23ae1a0000, 0x00007f23bc000000]
 total_blobs=6222 nmethods=5645 adapters=491
 compilation: enabled

Compilation events (10 events):
Event: 1490.813 Thread 0x00007f23bc93f800 nmethod 6789 0x00007f23ae1909d0 code [0x00007f23ae190be0, 0x00007f23ae191ea0]
Event: 1491.303 Thread 0x00007f23bc93f800 6802       4       java.util.concurrent.atomic.AtomicLongArray::checkedByteOffset (45 bytes)
Event: 1493.286 Thread 0x00007f23bc943000 nmethod 6809 0x00007f23ae18a790 code [0x00007f23ae18a980, 0x00007f23ae18b448]
Event: 1493.401 Thread 0x00007f23bc943000 6814       1       java.util.concurrent.locks.LockSupport::setBlocker (12 bytes)
Event: 1493.452 Thread 0x00007f23bc943000 nmethod 6814 0x00007f23ae18a4d0 code [0x00007f23ae18a620, 0x00007f23ae18a730]
Event: 1493.526 Thread 0x00007f23bc943000 6806       3       ch.qos.logback.classic.spi.StackTraceElementProxy::setClassPackagingData (23 bytes)
Event: 1493.599 Thread 0x00007f23bc943000 nmethod 6806 0x00007f23ae190510 code [0x00007f23ae190680, 0x00007f23ae1908e8]
Event: 1495.649 Thread 0x00007f23bc943000 6817       3       ch.qos.logback.classic.spi.ThrowableProxyUtil::indent (21 bytes)
Event: 1506.246 Thread 0x00007f23bc93f800 nmethod 6802 0x00007f23ae190250 code [0x00007f23ae1903a0, 0x00007f23ae190458]
Event: 1510.645 Thread 0x00007f23bc93f800 6821       4       org.LatencyUtils.TimeCappedMovingAverageIntervalEstimator::determineNumberOfWindowPositionsOutsideOfTimeCap (99 bytes)

GC Heap History (10 events):
Event: 24.203 GC heap before
{Heap before GC invocations=16 (full 2):
 PSYoungGen      total 258048K, used 256146K [0x00000000ebe00000, 0x0000000100000000, 0x0000000100000000)
  eden space 247808K, 100% used [0x00000000ebe00000,0x00000000fb000000,0x00000000fb000000)
  from space 10240K, 81% used [0x00000000fb000000,0x00000000fb8248e8,0x00000000fba00000)
  to   space 10752K, 0% used [0x00000000ff580000,0x00000000ff580000,0x0000000100000000)
 ParOldGen       total 54272K, used 19899K [0x00000000c3a00000, 0x00000000c6f00000, 0x00000000ebe00000)
  object space 54272K, 36% used [0x00000000c3a00000,0x00000000c4d6ee18,0x00000000c6f00000)
 Metaspace       used 47470K, capacity 49394K, committed 49664K, reserved 1091584K
  class space    used 6181K, capacity 6561K, committed 6656K, reserved 1048576K
Event: 24.229 GC heap after
Heap after GC invocations=16 (full 2):
 PSYoungGen      total 310784K, used 10735K [0x00000000ebe00000, 0x0000000100000000, 0x0000000100000000)
  eden space 300032K, 0% used [0x00000000ebe00000,0x00000000ebe00000,0x00000000fe300000)
  from space 10752K, 99% used [0x00000000ff580000,0x00000000ffffbe78,0x0000000100000000)
  to   space 14848K, 0% used [0x00000000fe300000,0x00000000fe300000,0x00000000ff180000)
 ParOldGen       total 54272K, used 25789K [0x00000000c3a00000, 0x00000000c6f00000, 0x00000000ebe00000)
  object space 54272K, 47% used [0x00000000c3a00000,0x00000000c532f7c8,0x00000000c6f00000)
 Metaspace       used 47470K, capacity 49394K, committed 49664K, reserved 1091584K
  class space    used 6181K, capacity 6561K, committed 6656K, reserved 1048576K
}
Event: 27.662 GC heap before
{Heap before GC invocations=17 (full 2):
 PSYoungGen      total 310784K, used 310767K [0x00000000ebe00000, 0x0000000100000000, 0x0000000100000000)
  eden space 300032K, 100% used [0x00000000ebe00000,0x00000000fe300000,0x00000000fe300000)
  from space 10752K, 99% used [0x00000000ff580000,0x00000000ffffbe78,0x0000000100000000)
  to   space 14848K, 0% used [0x00000000fe300000,0x00000000fe300000,0x00000000ff180000)
 ParOldGen       total 54272K, used 25789K [0x00000000c3a00000, 0x00000000c6f00000, 0x00000000ebe00000)
  object space 54272K, 47% used [0x00000000c3a00000,0x00000000c532f7c8,0x00000000c6f00000)
 Metaspace       used 55657K, capacity 58126K, committed 58240K, reserved 1099776K
  class space    used 7280K, capacity 7721K, committed 7808K, reserved 1048576K
Event: 27.699 GC heap after
Heap after GC invocations=17 (full 2):
 PSYoungGen      total 312320K, used 12014K [0x00000000ebe00000, 0x0000000100000000, 0x0000000100000000)
  eden space 300032K, 0% used [0x00000000ebe00000,0x00000000ebe00000,0x00000000fe300000)
  from space 12288K, 97% used [0x00000000fe300000,0x00000000feebb8e0,0x00000000fef00000)
  to   space 15872K, 0% used [0x00000000ff080000,0x00000000ff080000,0x0000000100000000)
 ParOldGen       total 54272K, used 30605K [0x00000000c3a00000, 0x00000000c6f00000, 0x00000000ebe00000)
  object space 54272K, 56% used [0x00000000c3a00000,0x00000000c57e3450,0x00000000c6f00000)
 Metaspace       used 55657K, capacity 58126K, committed 58240K, reserved 1099776K
  class space    used 7280K, capacity 7721K, committed 7808K, reserved 1048576K
}
Event: 28.187 GC heap before
{Heap before GC invocations=18 (full 2):
 PSYoungGen      total 312320K, used 61811K [0x00000000ebe00000, 0x0000000100000000, 0x0000000100000000)
  eden space 300032K, 16% used [0x00000000ebe00000,0x00000000eeea15e8,0x00000000fe300000)
  from space 12288K, 97% used [0x00000000fe300000,0x00000000feebb8e0,0x00000000fef00000)
  to   space 15872K, 0% used [0x00000000ff080000,0x00000000ff080000,0x0000000100000000)
 ParOldGen       total 54272K, used 30605K [0x00000000c3a00000, 0x00000000c6f00000, 0x00000000ebe00000)
  object space 54272K, 56% used [0x00000000c3a00000,0x00000000c57e3450,0x00000000c6f00000)
 Metaspace       used 56341K, capacity 58890K, committed 59028K, reserved 1099776K
  class space    used 7384K, capacity 7843K, committed 7936K, reserved 1048576K
Event: 28.207 GC heap after
Heap after GC invocations=18 (full 2):
 PSYoungGen      total 313856K, used 1600K [0x00000000ebe00000, 0x0000000100000000, 0x0000000100000000)
  eden space 297984K, 0% used [0x00000000ebe00000,0x00000000ebe00000,0x00000000fe100000)
  from space 15872K, 10% used [0x00000000ff080000,0x00000000ff210000,0x0000000100000000)
  to   space 15872K, 0% used [0x00000000fe100000,0x00000000fe100000,0x00000000ff080000)
 ParOldGen       total 54272K, used 36173K [0x00000000c3a00000, 0x00000000c6f00000, 0x00000000ebe00000)
  object space 54272K, 66% used [0x00000000c3a00000,0x00000000c5d53470,0x00000000c6f00000)
 Metaspace       used 56341K, capacity 58890K, committed 59028K, reserved 1099776K
  class space    used 7384K, capacity 7843K, committed 7936K, reserved 1048576K
}
Event: 28.207 GC heap before
{Heap before GC invocations=19 (full 3):
 PSYoungGen      total 313856K, used 1600K [0x00000000ebe00000, 0x0000000100000000, 0x0000000100000000)
  eden space 297984K, 0% used [0x00000000ebe00000,0x00000000ebe00000,0x00000000fe100000)
  from space 15872K, 10% used [0x00000000ff080000,0x00000000ff210000,0x0000000100000000)
  to   space 15872K, 0% used [0x00000000fe100000,0x00000000fe100000,0x00000000ff080000)
 ParOldGen       total 54272K, used 36173K [0x00000000c3a00000, 0x00000000c6f00000, 0x00000000ebe00000)
  object space 54272K, 66% used [0x00000000c3a00000,0x00000000c5d53470,0x00000000c6f00000)
 Metaspace       used 56341K, capacity 58890K, committed 59028K, reserved 1099776K
  class space    used 7384K, capacity 7843K, committed 7936K, reserved 1048576K
Event: 28.808 GC heap after
Heap after GC invocations=19 (full 3):
 PSYoungGen      total 313856K, used 0K [0x00000000ebe00000, 0x0000000100000000, 0x0000000100000000)
  eden space 297984K, 0% used [0x00000000ebe00000,0x00000000ebe00000,0x00000000fe100000)
  from space 15872K, 0% used [0x00000000ff080000,0x00000000ff080000,0x0000000100000000)
  to   space 15872K, 0% used [0x00000000fe100000,0x00000000fe100000,0x00000000ff080000)
 ParOldGen       total 81920K, used 34933K [0x00000000c3a00000, 0x00000000c8a00000, 0x00000000ebe00000)
  object space 81920K, 42% used [0x00000000c3a00000,0x00000000c5c1d6b8,0x00000000c8a00000)
 Metaspace       used 56341K, capacity 58890K, committed 59028K, reserved 1099776K
  class space    used 7384K, capacity 7843K, committed 7936K, reserved 1048576K
}
Event: 260.236 GC heap before
{Heap before GC invocations=20 (full 3):
 PSYoungGen      total 313856K, used 297984K [0x00000000ebe00000, 0x0000000100000000, 0x0000000100000000)
  eden space 297984K, 100% used [0x00000000ebe00000,0x00000000fe100000,0x00000000fe100000)
  from space 15872K, 0% used [0x00000000ff080000,0x00000000ff080000,0x0000000100000000)
  to   space 15872K, 0% used [0x00000000fe100000,0x00000000fe100000,0x00000000ff080000)
 ParOldGen       total 81920K, used 34933K [0x00000000c3a00000, 0x00000000c8a00000, 0x00000000ebe00000)
  object space 81920K, 42% used [0x00000000c3a00000,0x00000000c5c1d6b8,0x00000000c8a00000)
 Metaspace       used 66469K, capacity 69466K, committed 69504K, reserved 1110016K
  class space    used 8796K, capacity 9329K, committed 9344K, reserved 1048576K
Event: 260.292 GC heap after
Heap after GC invocations=20 (full 3):
 PSYoungGen      total 313344K, used 15110K [0x00000000ebe00000, 0x0000000100000000, 0x0000000100000000)
  eden space 297984K, 0% used [0x00000000ebe00000,0x00000000ebe00000,0x00000000fe100000)
  from space 15360K, 98% used [0x00000000fe100000,0x00000000fefc1918,0x00000000ff000000)
  to   space 16384K, 0% used [0x00000000ff000000,0x00000000ff000000,0x0000000100000000)
 ParOldGen       total 81920K, used 34941K [0x00000000c3a00000, 0x00000000c8a00000, 0x00000000ebe00000)
  object space 81920K, 42% used [0x00000000c3a00000,0x00000000c5c1f6b8,0x00000000c8a00000)
 Metaspace       used 66469K, capacity 69466K, committed 69504K, reserved 1110016K
  class space    used 8796K, capacity 9329K, committed 9344K, reserved 1048576K
}

Deoptimization events (10 events):
Event: 283.211 Thread 0x00007f23bd634800 Uncommon trap: reason=bimorphic action=maybe_recompile pc=0x00007f23ad1b75c0 method=java.util.Hashtable.put(Ljava/lang/Object;Ljava/lang/Object;)Ljava/lang/Object; @ 18
Event: 283.211 Thread 0x00007f23bd634800 Uncommon trap: reason=bimorphic action=maybe_recompile pc=0x00007f23ad1b75c0 method=java.util.Hashtable.put(Ljava/lang/Object;Ljava/lang/Object;)Ljava/lang/Object; @ 18
Event: 283.211 Thread 0x00007f23bd634800 Uncommon trap: reason=bimorphic action=maybe_recompile pc=0x00007f23ad1b75c0 method=java.util.Hashtable.put(Ljava/lang/Object;Ljava/lang/Object;)Ljava/lang/Object; @ 18
Event: 283.211 Thread 0x00007f23bd634800 Uncommon trap: reason=bimorphic action=maybe_recompile pc=0x00007f23ad1b75c0 method=java.util.Hashtable.put(Ljava/lang/Object;Ljava/lang/Object;)Ljava/lang/Object; @ 18
Event: 283.211 Thread 0x00007f23bd634800 Uncommon trap: reason=class_check action=maybe_recompile pc=0x00007f23ad20d08c method=java.util.Hashtable.addEntry(ILjava/lang/Object;Ljava/lang/Object;I)V @ 38
Event: 283.211 Thread 0x00007f23bd634800 Uncommon trap: reason=class_check action=maybe_recompile pc=0x00007f23ad20d08c method=java.util.Hashtable.addEntry(ILjava/lang/Object;Ljava/lang/Object;I)V @ 38
Event: 283.211 Thread 0x00007f23bd634800 Uncommon trap: reason=class_check action=maybe_recompile pc=0x00007f23ad20d08c method=java.util.Hashtable.addEntry(ILjava/lang/Object;Ljava/lang/Object;I)V @ 38
Event: 283.216 Thread 0x00007f23bd634800 Uncommon trap: reason=bimorphic action=maybe_recompile pc=0x00007f23ade1e648 method=java.util.Hashtable.get(Ljava/lang/Object;)Ljava/lang/Object; @ 45
Event: 283.219 Thread 0x00007f23bd634800 Uncommon trap: reason=bimorphic action=maybe_recompile pc=0x00007f23ade1e648 method=java.util.Hashtable.get(Ljava/lang/Object;)Ljava/lang/Object; @ 45
Event: 283.222 Thread 0x00007f23bd634800 Uncommon trap: reason=unstable_if action=reinterpret pc=0x00007f23ad6f7184 method=java.util.regex.Pattern$BmpCharProperty.match(Ljava/util/regex/Matcher;ILjava/lang/CharSequence;)Z @ 34

Classes redefined (0 events):
No events

Internal exceptions (10 events):
Event: 1332.298 Thread 0x00007f236c248000 Exception <a 'java/net/SocketTimeoutException': Read timed out> (0x00000000efe227a8) thrown at [/build/openjdk-8-yxDDQ4/openjdk-8-8u191-b12/src/hotspot/src/share/vm/prims/jni.cpp, line 735]
Event: 1363.001 Thread 0x00007f23603dd000 Exception <a 'java/net/SocketTimeoutException': Read timed out> (0x00000000efe4e8f0) thrown at [/build/openjdk-8-yxDDQ4/openjdk-8-8u191-b12/src/hotspot/src/share/vm/prims/jni.cpp, line 735]
Event: 1367.504 Thread 0x00007f236c248000 Exception <a 'java/net/SocketTimeoutException': Read timed out> (0x00000000efef0540) thrown at [/build/openjdk-8-yxDDQ4/openjdk-8-8u191-b12/src/hotspot/src/share/vm/prims/jni.cpp, line 735]
Event: 1399.837 Thread 0x00007f23603dd000 Exception <a 'java/net/SocketTimeoutException': Read timed out> (0x00000000efe58e88) thrown at [/build/openjdk-8-yxDDQ4/openjdk-8-8u191-b12/src/hotspot/src/share/vm/prims/jni.cpp, line 735]
Event: 1411.047 Thread 0x00007f23603dd000 Exception <a 'java/net/SocketTimeoutException': Read timed out> (0x00000000efe5adc8) thrown at [/build/openjdk-8-yxDDQ4/openjdk-8-8u191-b12/src/hotspot/src/share/vm/prims/jni.cpp, line 735]
Event: 1419.866 Thread 0x00007f236c248000 Exception <a 'java/net/SocketTimeoutException': Read timed out> (0x00000000eff022a0) thrown at [/build/openjdk-8-yxDDQ4/openjdk-8-8u191-b12/src/hotspot/src/share/vm/prims/jni.cpp, line 735]
Event: 1458.655 Thread 0x00007f23603dd000 Exception <a 'java/net/SocketTimeoutException': Read timed out> (0x00000000efea2270) thrown at [/build/openjdk-8-yxDDQ4/openjdk-8-8u191-b12/src/hotspot/src/share/vm/prims/jni.cpp, line 735]
Event: 1471.798 Thread 0x00007f23603dd000 Exception <a 'java/net/SocketTimeoutException': Read timed out> (0x00000000efea41b0) thrown at [/build/openjdk-8-yxDDQ4/openjdk-8-8u191-b12/src/hotspot/src/share/vm/prims/jni.cpp, line 735]
Event: 1480.000 Thread 0x00007f236c248000 Exception <a 'java/net/SocketTimeoutException': Read timed out> (0x00000000eff1bc28) thrown at [/build/openjdk-8-yxDDQ4/openjdk-8-8u191-b12/src/hotspot/src/share/vm/prims/jni.cpp, line 735]
Event: 1489.085 Thread 0x00007f23603dd000 Exception <a 'java/net/SocketTimeoutException': Read timed out> (0x00000000f00f3b28) thrown at [/build/openjdk-8-yxDDQ4/openjdk-8-8u191-b12/src/hotspot/src/share/vm/prims/jni.cpp, line 735]

Events (10 events):
Event: 933.406 Thread 0x00007f23603dd000 DEOPT PACKING pc=0x00007f23ae0ef246 sp=0x00007f232b8f67c0
Event: 933.411 Thread 0x00007f23603dd000 DEOPT UNPACKING pc=0x00007f23ad0474c4 sp=0x00007f232b8f65f0 mode 0
Event: 1209.086 Executing VM operation: RevokeBias
Event: 1209.100 Executing VM operation: RevokeBias done
Event: 1239.341 Executing VM operation: RevokeBias
Event: 1239.369 Executing VM operation: RevokeBias done
Event: 1270.331 Thread 0x00007f236c248000 DEOPT PACKING pc=0x00007f23ad964307 sp=0x00007f232b9f7ba0
Event: 1270.333 Thread 0x00007f236c248000 DEOPT UNPACKING pc=0x00007f23ad0474c4 sp=0x00007f232b9f78e0 mode 0
Event: 1508.761 Thread 0x00007f23bc93f800 flushing nmethod 0x00007f23ad1457d0
Event: 1511.098 Thread 0x00007f23600d5000 Thread added: 0x00007f23600d5000


Dynamic libraries:
00400000-00401000 r-xp 00000000 08:05 2234668                            /usr/lib/jvm/java-8-openjdk-amd64/jre/bin/java
00600000-00601000 r--p 00000000 08:05 2234668                            /usr/lib/jvm/java-8-openjdk-amd64/jre/bin/java
00601000-00602000 rw-p 00001000 08:05 2234668                            /usr/lib/jvm/java-8-openjdk-amd64/jre/bin/java
0116a000-01444000 rw-p 00000000 00:00 0                                  [heap]
c3a00000-c8a00000 rw-p 00000000 00:00 0 
c8a00000-ebe00000 ---p 00000000 00:00 0 
ebe00000-100000000 rw-p 00000000 00:00 0 
100000000-100980000 rw-p 00000000 00:00 0 
100980000-140000000 ---p 00000000 00:00 0 
7f2324000000-7f2324021000 rw-p 00000000 00:00 0 
7f2324021000-7f2328000000 ---p 00000000 00:00 0 
7f232b1f9000-7f232b2f7000 rw-p 00000000 00:00 0 
7f232b2f7000-7f232b2fa000 ---p 00000000 00:00 0 
7f232b2fa000-7f232b538000 rw-p 00000000 00:00 0 
7f232b538000-7f232b5f8000 ---p 00000000 00:00 0 
7f232b5f8000-7f232b7f8000 rw-p 00000000 00:00 0 
7f232b7f8000-7f232b7fb000 ---p 00000000 00:00 0 
7f232b7fb000-7f232b8f9000 rw-p 00000000 00:00 0 
7f232b8f9000-7f232b8fc000 ---p 00000000 00:00 0 
7f232b8fc000-7f232b9fa000 rw-p 00000000 00:00 0 
7f232b9fa000-7f232b9fd000 ---p 00000000 00:00 0 
7f232b9fd000-7f232bafb000 rw-p 00000000 00:00 0 
7f232bafb000-7f232bafe000 ---p 00000000 00:00 0 
7f232bafe000-7f232bbfc000 rw-p 00000000 00:00 0 
7f232bbfc000-7f232bbff000 ---p 00000000 00:00 0 
7f232bbff000-7f232bcfd000 rw-p 00000000 00:00 0 
7f232bcfd000-7f232bd00000 ---p 00000000 00:00 0 
7f232bd00000-7f232bdfe000 rw-p 00000000 00:00 0 
7f232bdfe000-7f232be01000 ---p 00000000 00:00 0 
7f232be01000-7f232beff000 rw-p 00000000 00:00 0 
7f232beff000-7f232bf02000 ---p 00000000 00:00 0 
7f232bf02000-7f232c000000 rw-p 00000000 00:00 0 
7f232c000000-7f232c034000 rw-p 00000000 00:00 0 
7f232c034000-7f2330000000 ---p 00000000 00:00 0 
7f2330000000-7f2330178000 rw-p 00000000 00:00 0 
7f2330178000-7f2334000000 ---p 00000000 00:00 0 
7f2334000000-7f2334075000 rw-p 00000000 00:00 0 
7f2334075000-7f2338000000 ---p 00000000 00:00 0 
7f2338000000-7f2338021000 rw-p 00000000 00:00 0 
7f2338021000-7f233c000000 ---p 00000000 00:00 0 
7f233c000000-7f233c021000 rw-p 00000000 00:00 0 
7f233c021000-7f2340000000 ---p 00000000 00:00 0 
7f2340000000-7f2340021000 rw-p 00000000 00:00 0 
7f2340021000-7f2344000000 ---p 00000000 00:00 0 
7f2344000000-7f2344021000 rw-p 00000000 00:00 0 
7f2344021000-7f2348000000 ---p 00000000 00:00 0 
7f2348000000-7f2348021000 rw-p 00000000 00:00 0 
7f2348021000-7f234c000000 ---p 00000000 00:00 0 
7f234c000000-7f234c076000 rw-p 00000000 00:00 0 
7f234c076000-7f2350000000 ---p 00000000 00:00 0 
7f2350000000-7f2350021000 rw-p 00000000 00:00 0 
7f2350021000-7f2354000000 ---p 00000000 00:00 0 
7f2354000000-7f2354021000 rw-p 00000000 00:00 0 
7f2354021000-7f2358000000 ---p 00000000 00:00 0 
7f2358000000-7f2358021000 rw-p 00000000 00:00 0 
7f2358021000-7f235c000000 ---p 00000000 00:00 0 
7f235c000000-7f235c021000 rw-p 00000000 00:00 0 
7f235c021000-7f2360000000 ---p 00000000 00:00 0 
7f2360000000-7f236044f000 rw-p 00000000 00:00 0 
7f236044f000-7f2364000000 ---p 00000000 00:00 0 
7f236402d000-7f2364030000 ---p 00000000 00:00 0 
7f2364030000-7f236412e000 rw-p 00000000 00:00 0 
7f236412e000-7f2364131000 ---p 00000000 00:00 0 
7f2364131000-7f236422f000 rw-p 00000000 00:00 0 
7f236422f000-7f2364232000 ---p 00000000 00:00 0 
7f2364232000-7f2364330000 rw-p 00000000 00:00 0 
7f2364330000-7f2364333000 ---p 00000000 00:00 0 
7f2364333000-7f2364431000 rw-p 00000000 00:00 0 
7f2364431000-7f2364434000 ---p 00000000 00:00 0 
7f2364434000-7f2364532000 rw-p 00000000 00:00 0 
7f2364532000-7f2364535000 ---p 00000000 00:00 0 
7f2364535000-7f2364633000 rw-p 00000000 00:00 0 
7f2364633000-7f2364636000 ---p 00000000 00:00 0 
7f2364636000-7f2364734000 rw-p 00000000 00:00 0 
7f2364734000-7f2364737000 ---p 00000000 00:00 0 
7f2364737000-7f2364835000 rw-p 00000000 00:00 0 
7f2364835000-7f2364838000 ---p 00000000 00:00 0 
7f2364838000-7f2364b36000 rw-p 00000000 00:00 0 
7f2364b36000-7f2364d36000 rw-p 00000000 00:00 0 
7f2364d36000-7f2364d5e000 r-xp 00000000 08:05 2234722                    /usr/lib/jvm/java-8-openjdk-amd64/jre/lib/amd64/libsunec.so
7f2364d5e000-7f2364f5e000 ---p 00028000 08:05 2234722                    /usr/lib/jvm/java-8-openjdk-amd64/jre/lib/amd64/libsunec.so
7f2364f5e000-7f2364f62000 r--p 00028000 08:05 2234722                    /usr/lib/jvm/java-8-openjdk-amd64/jre/lib/amd64/libsunec.so
7f2364f62000-7f2364f63000 rw-p 0002c000 08:05 2234722                    /usr/lib/jvm/java-8-openjdk-amd64/jre/lib/amd64/libsunec.so
7f2364f95000-7f2364f98000 ---p 00000000 00:00 0 
7f2364f98000-7f2365096000 rw-p 00000000 00:00 0 
7f2365096000-7f2365099000 ---p 00000000 00:00 0 
7f2365099000-7f2365397000 rw-p 00000000 00:00 0 
7f2365397000-7f2365597000 rw-p 00000000 00:00 0 
7f2365597000-7f2365797000 rw-p 00000000 00:00 0 
7f2365797000-7f2365997000 rw-p 00000000 00:00 0 
7f2365997000-7f2365b97000 rw-p 00000000 00:00 0 
7f2365b97000-7f2365d97000 rw-p 00000000 00:00 0 
7f2365d97000-7f2365d9a000 ---p 00000000 00:00 0 
7f2365d9a000-7f2365e98000 rw-p 00000000 00:00 0 
7f2365e98000-7f2365e9b000 ---p 00000000 00:00 0 
7f2365e9b000-7f2366199000 rw-p 00000000 00:00 0 
7f2366199000-7f2366399000 rw-p 00000000 00:00 0 
7f2366399000-7f2366599000 rw-p 00000000 00:00 0 
7f2366599000-7f236659c000 ---p 00000000 00:00 0 
7f236659c000-7f236669a000 rw-p 00000000 00:00 0 
7f236669a000-7f236669d000 ---p 00000000 00:00 0 
7f236669d000-7f236679b000 rw-p 00000000 00:00 0 
7f236679b000-7f236679e000 ---p 00000000 00:00 0 
7f236679e000-7f236689c000 rw-p 00000000 00:00 0 
7f236689c000-7f236689f000 ---p 00000000 00:00 0 
7f236689f000-7f2366b9d000 rw-p 00000000 00:00 0 
7f2366b9d000-7f2366ba0000 ---p 00000000 00:00 0 
7f2366ba0000-7f2366c9e000 rw-p 00000000 00:00 0 
7f2366c9e000-7f2366ca1000 ---p 00000000 00:00 0 
7f2366ca1000-7f2366f9f000 rw-p 00000000 00:00 0 
7f2366f9f000-7f236719f000 rw-p 00000000 00:00 0 
7f236719f000-7f236739f000 rw-p 00000000 00:00 0 
7f23673ed000-7f23675ed000 rw-p 00000000 00:00 0 
7f23675ed000-7f23677ed000 rw-p 00000000 00:00 0 
7f23677ed000-7f23679ed000 rw-p 00000000 00:00 0 
7f23679ed000-7f23679ff000 r-xp 00000000 08:05 2234746                    /usr/lib/jvm/java-8-openjdk-amd64/jre/lib/amd64/libnio.so
7f23679ff000-7f2367bfe000 ---p 00012000 08:05 2234746                    /usr/lib/jvm/java-8-openjdk-amd64/jre/lib/amd64/libnio.so
7f2367bfe000-7f2367bff000 r--p 00011000 08:05 2234746                    /usr/lib/jvm/java-8-openjdk-amd64/jre/lib/amd64/libnio.so
7f2367bff000-7f2367c00000 rw-p 00012000 08:05 2234746                    /usr/lib/jvm/java-8-openjdk-amd64/jre/lib/amd64/libnio.so
7f2367c00000-7f2367e00000 rw-p 00000000 00:00 0 
7f2367e00000-7f2368000000 rw-p 00000000 00:00 0 
7f2368000000-7f2368021000 rw-p 00000000 00:00 0 
7f2368021000-7f236c000000 ---p 00000000 00:00 0 
7f236c000000-7f236c40f000 rw-p 00000000 00:00 0 
7f236c40f000-7f2370000000 ---p 00000000 00:00 0 
7f2370000000-7f237125e000 rw-p 00000000 00:00 0 
7f237125e000-7f2374000000 ---p 00000000 00:00 0 
7f2374000000-7f2374028000 rw-p 00000000 00:00 0 
7f2374028000-7f2378000000 ---p 00000000 00:00 0 
7f2378000000-7f237a7bf000 rw-p 00000000 00:00 0 
7f237a7bf000-7f237c000000 ---p 00000000 00:00 0 
7f237c000000-7f237eda4000 rw-p 00000000 00:00 0 
7f237eda4000-7f2380000000 ---p 00000000 00:00 0 
7f23800cf000-7f23802cf000 rw-p 00000000 00:00 0 
7f23802cf000-7f23804cf000 rw-p 00000000 00:00 0 
7f23804cf000-7f23806cf000 rw-p 00000000 00:00 0 
7f23806cf000-7f23806d8000 r-xp 00000000 08:05 2234734                    /usr/lib/jvm/java-8-openjdk-amd64/jre/lib/amd64/libmanagement.so
7f23806d8000-7f23808d7000 ---p 00009000 08:05 2234734                    /usr/lib/jvm/java-8-openjdk-amd64/jre/lib/amd64/libmanagement.so
7f23808d7000-7f23808d8000 r--p 00008000 08:05 2234734                    /usr/lib/jvm/java-8-openjdk-amd64/jre/lib/amd64/libmanagement.so
7f23808d8000-7f23808d9000 rw-p 00009000 08:05 2234734                    /usr/lib/jvm/java-8-openjdk-amd64/jre/lib/amd64/libmanagement.so
7f23808d9000-7f23808f0000 r-xp 00000000 08:05 267627                     /lib/x86_64-linux-gnu/libresolv-2.23.so
7f23808f0000-7f2380af0000 ---p 00017000 08:05 267627                     /lib/x86_64-linux-gnu/libresolv-2.23.so
7f2380af0000-7f2380af1000 r--p 00017000 08:05 267627                     /lib/x86_64-linux-gnu/libresolv-2.23.so
7f2380af1000-7f2380af2000 rw-p 00018000 08:05 267627                     /lib/x86_64-linux-gnu/libresolv-2.23.so
7f2380af2000-7f2380af4000 rw-p 00000000 00:00 0 
7f2380af4000-7f2380af9000 r-xp 00000000 08:05 267572                     /lib/x86_64-linux-gnu/libnss_dns-2.23.so
7f2380af9000-7f2380cf9000 ---p 00005000 08:05 267572                     /lib/x86_64-linux-gnu/libnss_dns-2.23.so
7f2380cf9000-7f2380cfa000 r--p 00005000 08:05 267572                     /lib/x86_64-linux-gnu/libnss_dns-2.23.so
7f2380cfa000-7f2380cfb000 rw-p 00006000 08:05 267572                     /lib/x86_64-linux-gnu/libnss_dns-2.23.so
7f2380cfb000-7f2380cfd000 r-xp 00000000 08:05 267580                     /lib/x86_64-linux-gnu/libnss_mdns4_minimal.so.2
7f2380cfd000-7f2380efc000 ---p 00002000 08:05 267580                     /lib/x86_64-linux-gnu/libnss_mdns4_minimal.so.2
7f2380efc000-7f2380efd000 r--p 00001000 08:05 267580                     /lib/x86_64-linux-gnu/libnss_mdns4_minimal.so.2
7f2380efd000-7f2380efe000 rw-p 00002000 08:05 267580                     /lib/x86_64-linux-gnu/libnss_mdns4_minimal.so.2
7f2380efe000-7f2380f01000 ---p 00000000 00:00 0 
7f2380f01000-7f2384000000 rw-p 00000000 00:00 0 
7f2384000000-7f2384021000 rw-p 00000000 00:00 0 
7f2384021000-7f2388000000 ---p 00000000 00:00 0 
7f2388000000-7f2388021000 rw-p 00000000 00:00 0 
7f2388021000-7f238c000000 ---p 00000000 00:00 0 
7f238c000000-7f238c021000 rw-p 00000000 00:00 0 
7f238c021000-7f2390000000 ---p 00000000 00:00 0 
7f2390000000-7f2390021000 rw-p 00000000 00:00 0 
7f2390021000-7f2394000000 ---p 00000000 00:00 0 
7f2394000000-7f2394023000 rw-p 00000000 00:00 0 
7f2394023000-7f2398000000 ---p 00000000 00:00 0 
7f2398000000-7f239802d000 rw-p 00000000 00:00 0 
7f239802d000-7f239c000000 ---p 00000000 00:00 0 
7f239c000000-7f239c021000 rw-p 00000000 00:00 0 
7f239c021000-7f23a0000000 ---p 00000000 00:00 0 
7f23a0000000-7f23a0021000 rw-p 00000000 00:00 0 
7f23a0021000-7f23a4000000 ---p 00000000 00:00 0 
7f23a4000000-7f23a4021000 rw-p 00000000 00:00 0 
7f23a4021000-7f23a8000000 ---p 00000000 00:00 0 
7f23a808f000-7f23a8091000 r--s 00016000 08:05 2234751                    /usr/lib/jvm/java-8-openjdk-amd64/jre/lib/jce.jar
7f23a8091000-7f23a8096000 r--s 002f9000 08:05 2234759                    /usr/lib/jvm/java-8-openjdk-amd64/jre/lib/charsets.jar
7f23a8096000-7f23a809b000 r--s 000a0000 08:05 2234768                    /usr/lib/jvm/java-8-openjdk-amd64/jre/lib/jsse.jar
7f23a809b000-7f23a829b000 rw-p 00000000 00:00 0 
7f23a829b000-7f23a849b000 rw-p 00000000 00:00 0 
7f23a849b000-7f23a849e000 ---p 00000000 00:00 0 
7f23a849e000-7f23a859c000 rw-p 00000000 00:00 0 
7f23a859c000-7f23a859d000 ---p 00000000 00:00 0 
7f23a859d000-7f23a869d000 rw-p 00000000 00:00 0 
7f23a869d000-7f23a86a0000 ---p 00000000 00:00 0 
7f23a86a0000-7f23a879e000 rw-p 00000000 00:00 0 
7f23a879e000-7f23a87b5000 r-xp 00000000 08:05 2234749                    /usr/lib/jvm/java-8-openjdk-amd64/jre/lib/amd64/libnet.so
7f23a87b5000-7f23a89b4000 ---p 00017000 08:05 2234749                    /usr/lib/jvm/java-8-openjdk-amd64/jre/lib/amd64/libnet.so
7f23a89b4000-7f23a89b5000 r--p 00016000 08:05 2234749                    /usr/lib/jvm/java-8-openjdk-amd64/jre/lib/amd64/libnet.so
7f23a89b5000-7f23a89b6000 rw-p 00017000 08:05 2234749                    /usr/lib/jvm/java-8-openjdk-amd64/jre/lib/amd64/libnet.so
7f23a89b6000-7f23a89b9000 ---p 00000000 00:00 0 
7f23a89b9000-7f23a8ab7000 rw-p 00000000 00:00 0 
7f23a8ab7000-7f23a8aba000 ---p 00000000 00:00 0 
7f23a8aba000-7f23a8bb8000 rw-p 00000000 00:00 0 
7f23a8bb8000-7f23a8bbb000 ---p 00000000 00:00 0 
7f23a8bbb000-7f23a8cb9000 rw-p 00000000 00:00 0 
7f23a8cb9000-7f23a8cbc000 ---p 00000000 00:00 0 
7f23a8cbc000-7f23a8dba000 rw-p 00000000 00:00 0 
7f23a8dba000-7f23a8dbc000 r--s 0001a000 08:05 2890980                    /opt/intellij-idea-community/lib/idea_rt.jar
7f23a8dbc000-7f23a8dbe000 r--s 00006000 08:05 271046                     /home/amberlei/.m2/repository/org/latencyutils/LatencyUtils/2.0.3/LatencyUtils-2.0.3.jar
7f23a8dbe000-7f23a8dc0000 r--s 0001b000 08:05 32231                      /home/amberlei/.m2/repository/org/hdrhistogram/HdrHistogram/2.1.10/HdrHistogram-2.1.10.jar
7f23a8dc0000-7f23a8dc8000 r--s 0004f000 08:05 267820                     /home/amberlei/.m2/repository/io/micrometer/micrometer-core/1.0.4/micrometer-core-1.0.4.jar
7f23a8dc8000-7f23a8dd6000 r--s 00063000 08:05 161634                     /home/amberlei/.m2/repository/org/springframework/boot/spring-boot-actuator/2.0.2.RELEASE/spring-boot-actuator-2.0.2.RELEASE.jar
7f23a8dd6000-7f23a8de3000 r--s 0004f000 08:05 267814                     /home/amberlei/.m2/repository/org/springframework/boot/spring-boot-actuator-autoconfigure/2.0.2.RELEASE/spring-boot-actuator-autoconfigure-2.0.2.RELEASE.jar
7f23a8de3000-7f23a8de4000 r--s 00000000 08:05 161633                     /home/amberlei/.m2/repository/org/springframework/boot/spring-boot-starter-actuator/2.0.2.RELEASE/spring-boot-starter-actuator-2.0.2.RELEASE.jar
7f23a8de4000-7f23a8dfb000 r--s 001b7000 08:05 160496                     /home/amberlei/.m2/repository/mysql/mysql-connector-java/6.0.5/mysql-connector-java-6.0.5.jar
7f23a8dfb000-7f23a8dfd000 r--s 0000a000 08:05 161499                     /home/amberlei/.m2/repository/org/springframework/spring-aspects/5.0.6.RELEASE/spring-aspects-5.0.6.RELEASE.jar
7f23a8dfd000-7f23a8e05000 r--s 00037000 08:05 161509                     /home/amberlei/.m2/repository/org/springframework/spring-tx/5.0.6.RELEASE/spring-tx-5.0.6.RELEASE.jar
7f23a8e05000-7f23a8e09000 r--s 0002b000 08:05 161502                     /home/amberlei/.m2/repository/org/springframework/spring-orm/5.0.6.RELEASE/spring-orm-5.0.6.RELEASE.jar
7f23a8e09000-7f23a8e20000 r--s 000f0000 08:05 161498                     /home/amberlei/.m2/repository/org/springframework/data/spring-data-commons/2.0.7.RELEASE/spring-data-commons-2.0.7.RELEASE.jar
7f23a8e20000-7f23a8e27000 r--s 0004b000 08:05 161496                     /home/amberlei/.m2/repository/org/springframework/data/spring-data-jpa/2.0.7.RELEASE/spring-data-jpa-2.0.7.RELEASE.jar
7f23a8e27000-7f23a8e2a000 r--s 00010000 08:05 1969654                    /home/amberlei/.m2/repository/org/hibernate/common/hibernate-commons-annotations/5.0.1.Final/hibernate-commons-annotations-5.0.1.Final.jar
7f23a8e2a000-7f23a8e2f000 r--s 00048000 08:05 1969595                    /home/amberlei/.m2/repository/dom4j/dom4j/1.6.1/dom4j-1.6.1.jar
7f23a8e2f000-7f23a8e32000 r--s 0002b000 08:05 397438                     /home/amberlei/.m2/repository/org/jboss/jandex/2.0.3.Final/jandex-2.0.3.Final.jar
7f23a8e32000-7f23a8e37000 r--s 00068000 08:05 1969627                    /home/amberlei/.m2/repository/antlr/antlr/2.7.7/antlr-2.7.7.jar
7f23a8e37000-7f23a8e41000 r--s 000ab000 08:05 397436                     /home/amberlei/.m2/repository/org/javassist/javassist/3.22.0-GA/javassist-3.22.0-GA.jar
7f23a8e41000-7f23a8e46000 r--s 00017000 08:05 1969705                    /home/amberlei/.m2/repository/org/hibernate/javax/persistence/hibernate-jpa-2.1-api/1.0.0.Final/hibernate-jpa-2.1-api-1.0.0.Final.jar
7f23a8e46000-7f23a8ec4000 r--s 005f0000 08:05 397432                     /home/amberlei/.m2/repository/org/hibernate/hibernate-core/5.2.17.Final/hibernate-core-5.2.17.Final.jar
7f23a8ec4000-7f23a8ec6000 r--s 00006000 08:05 1969622                    /home/amberlei/.m2/repository/javax/transaction/javax.transaction-api/1.2/javax.transaction-api-1.2.jar
7f23a8ec6000-7f23a8ecf000 r--s 00059000 08:05 161507                     /home/amberlei/.m2/repository/org/springframework/spring-jdbc/5.0.6.RELEASE/spring-jdbc-5.0.6.RELEASE.jar
7f23a8ecf000-7f23a8ed3000 r--s 00020000 08:05 397426                     /home/amberlei/.m2/repository/com/zaxxer/HikariCP/2.7.9/HikariCP-2.7.9.jar
7f23a8ed3000-7f23a8ed4000 r--s 00000000 08:05 161464                     /home/amberlei/.m2/repository/org/springframework/boot/spring-boot-starter-jdbc/2.0.2.RELEASE/spring-boot-starter-jdbc-2.0.2.RELEASE.jar
7f23a8ed4000-7f23a8eed000 r--s 001bf000 08:05 3418936                    /home/amberlei/.m2/repository/org/aspectj/aspectjweaver/1.8.13/aspectjweaver-1.8.13.jar
7f23a8eed000-7f23a8eee000 r--s 00000000 08:05 161462                     /home/amberlei/.m2/repository/org/springframework/boot/spring-boot-starter-aop/2.0.2.RELEASE/spring-boot-starter-aop-2.0.2.RELEASE.jar
7f23a8eee000-7f23a8eef000 r--s 00000000 08:05 3160415                    /home/amberlei/.m2/repository/org/springframework/boot/spring-boot-starter-data-jpa/2.0.5.RELEASE/spring-boot-starter-data-jpa-2.0.5.RELEASE.jar
7f23a8eef000-7f23a8ef4000 r--s 00040000 08:05 919246                     /home/amberlei/.m2/repository/org/springframework/spring-expression/5.0.6.RELEASE/spring-expression-5.0.6.RELEASE.jar
7f23a8ef4000-7f23a8f0e000 r--s 000f1000 08:05 919313                     /home/amberlei/.m2/repository/org/springframework/spring-context/5.0.6.RELEASE/spring-context-5.0.6.RELEASE.jar
7f23a8f0e000-7f23a8f17000 r--s 00051000 08:05 919323                     /home/amberlei/.m2/repository/org/springframework/spring-aop/5.0.6.RELEASE/spring-aop-5.0.6.RELEASE.jar
7f23a8f17000-7f23a8f26000 r--s 000b2000 08:05 919275                     /home/amberlei/.m2/repository/org/springframework/spring-webmvc/5.0.6.RELEASE/spring-webmvc-5.0.6.RELEASE.jar
7f23a8f26000-7f23a8f32000 r--s 00096000 08:05 919299                     /home/amberlei/.m2/repository/org/springframework/spring-beans/5.0.6.RELEASE/spring-beans-5.0.6.RELEASE.jar
7f23a8f32000-7f23a8f4c000 r--s 00119000 08:05 919283                     /home/amberlei/.m2/repository/org/springframework/spring-web/5.0.6.RELEASE/spring-web-5.0.6.RELEASE.jar
7f23a8f4c000-7f23a8f4e000 r--s 0000e000 08:05 2252012                    /home/amberlei/.m2/repository/com/fasterxml/classmate/1.3.4/classmate-1.3.4.jar
7f23a8f4e000-7f23a8f50000 r--s 0000f000 08:05 932929                     /home/amberlei/.m2/repository/org/jboss/logging/jboss-logging/3.3.2.Final/jboss-logging-3.3.2.Final.jar
7f23a8f50000-7f23a8f55000 r--s 00012000 08:05 675910                     /home/amberlei/.m2/repository/javax/validation/validation-api/2.0.1.Final/validation-api-2.0.1.Final.jar
7f23a8f55000-7f23a8f72000 r--s 000f8000 08:05 3323578                    /home/amberlei/.m2/repository/org/hibernate/validator/hibernate-validator/6.0.9.Final/hibernate-validator-6.0.9.Final.jar
7f23a8f72000-7f23a8f77000 r--s 0003a000 08:05 919267                     /home/amberlei/.m2/repository/org/apache/tomcat/embed/tomcat-embed-websocket/8.5.31/tomcat-embed-websocket-8.5.31.jar
7f23a8f77000-7f23a8f7b000 r--s 00037000 08:05 919265                     /home/amberlei/.m2/repository/org/apache/tomcat/embed/tomcat-embed-el/8.5.31/tomcat-embed-el-8.5.31.jar
7f23a8f7b000-7f23a8fa4000 r--s 002d0000 08:05 919263                     /home/amberlei/.m2/repository/org/apache/tomcat/embed/tomcat-embed-core/8.5.31/tomcat-embed-core-8.5.31.jar
7f23a8fa4000-7f23a8fa5000 r--s 00000000 08:05 919261                     /home/amberlei/.m2/repository/org/springframework/boot/spring-boot-starter-tomcat/2.0.2.RELEASE/spring-boot-starter-tomcat-2.0.2.RELEASE.jar
7f23a8fa5000-7f23a8fa7000 r--s 00001000 08:05 1708401                    /home/amberlei/.m2/repository/com/fasterxml/jackson/module/jackson-module-parameter-names/2.9.5/jackson-module-parameter-names-2.9.5.jar
7f23a8fa7000-7f23a8faa000 r--s 00016000 08:05 1708406                    /home/amberlei/.m2/repository/com/fasterxml/jackson/datatype/jackson-datatype-jsr310/2.9.5/jackson-datatype-jsr310-2.9.5.jar
7f23a8faa000-7f23a8fac000 r--s 00007000 08:05 1708404                    /home/amberlei/.m2/repository/com/fasterxml/jackson/datatype/jackson-datatype-jdk8/2.9.5/jackson-datatype-jdk8-2.9.5.jar
7f23a8fac000-7f23a8fad000 r--s 00000000 08:05 1710361                    /home/amberlei/.m2/repository/org/springframework/boot/spring-boot-starter-json/2.0.2.RELEASE/spring-boot-starter-json-2.0.2.RELEASE.jar
7f23a8fad000-7f23a8fb4000 r--s 00042000 08:05 1708102                    /home/amberlei/.m2/repository/org/yaml/snakeyaml/1.19/snakeyaml-1.19.jar
7f23a8fb4000-7f23a8fb6000 r--s 00004000 08:05 919291                     /home/amberlei/.m2/repository/org/springframework/spring-jcl/5.0.6.RELEASE/spring-jcl-5.0.6.RELEASE.jar
7f23a8fb6000-7f23a8fce000 r--s 00114000 08:05 919289                     /home/amberlei/.m2/repository/org/springframework/spring-core/5.0.6.RELEASE/spring-core-5.0.6.RELEASE.jar
7f23a8fce000-7f23a8fd0000 r--s 00005000 08:05 1708100                    /home/amberlei/.m2/repository/javax/annotation/javax.annotation-api/1.3.2/javax.annotation-api-1.3.2.jar
7f23a8fd0000-7f23a8fd2000 r--s 00000000 08:05 3445594                    /home/amberlei/.m2/repository/org/slf4j/jul-to-slf4j/1.7.25/jul-to-slf4j-1.7.25.jar
7f23a8fd2000-7f23a8fd8000 r--s 00039000 08:05 1600146                    /home/amberlei/.m2/repository/org/apache/logging/log4j/log4j-api/2.10.0/log4j-api-2.10.0.jar
7f23a8fd8000-7f23a8fda000 r--s 00003000 08:05 675892                     /home/amberlei/.m2/repository/org/apache/logging/log4j/log4j-to-slf4j/2.10.0/log4j-to-slf4j-2.10.0.jar
7f23a8fda000-7f23a8fe5000 r--s 00069000 08:05 32534                      /home/amberlei/.m2/repository/ch/qos/logback/logback-core/1.2.3/logback-core-1.2.3.jar
7f23a8fe5000-7f23a8feb000 r--s 00041000 08:05 3323552                    /home/amberlei/.m2/repository/ch/qos/logback/logback-classic/1.2.3/logback-classic-1.2.3.jar
7f23a8feb000-7f23a8fec000 r--s 00000000 08:05 919257                     /home/amberlei/.m2/repository/org/springframework/boot/spring-boot-starter-logging/2.0.2.RELEASE/spring-boot-starter-logging-2.0.2.RELEASE.jar
7f23a8fec000-7f23a9001000 r--s 000ce000 08:05 919260                     /home/amberlei/.m2/repository/org/springframework/boot/spring-boot/2.0.2.RELEASE/spring-boot-2.0.2.RELEASE.jar
7f23a9001000-7f23a9002000 r--s 00000000 08:05 919285                     /home/amberlei/.m2/repository/org/springframework/boot/spring-boot-starter/2.0.2.RELEASE/spring-boot-starter-2.0.2.RELEASE.jar
7f23a9002000-7f23a9003000 r--s 00000000 08:05 3159118                    /home/amberlei/.m2/repository/org/springframework/boot/spring-boot-starter-web/2.0.5.RELEASE/spring-boot-starter-web-2.0.5.RELEASE.jar
7f23a9003000-7f23a9008000 r--s 00037000 08:05 162026                     /home/amberlei/.m2/repository/org/mortbay/jasper/apache-el/8.5.24.2/apache-el-8.5.24.2.jar
7f23a9008000-7f23a900a000 r--s 00007000 08:05 3424865                    /home/amberlei/.m2/repository/javax/websocket/javax.websocket-api/1.0/javax.websocket-api-1.0.jar
7f23a900a000-7f23a900f000 r--s 00023000 08:05 162020                     /home/amberlei/.m2/repository/org/eclipse/jetty/websocket/javax-websocket-client-impl/9.4.10.v20180503/javax-websocket-client-impl-9.4.10.v20180503.jar
7f23a900f000-7f23a9010000 r--s 00007000 08:05 162016                     /home/amberlei/.m2/repository/org/ow2/asm/asm-analysis/6.1.1/asm-analysis-6.1.1.jar
7f23a9010000-7f23a9012000 r--s 0000b000 08:05 162022                     /home/amberlei/.m2/repository/org/ow2/asm/asm-tree/6.1.1/asm-tree-6.1.1.jar
7f23a9012000-7f23a9013000 r--s 00012000 08:05 162005                     /home/amberlei/.m2/repository/org/ow2/asm/asm-commons/6.1.1/asm-commons-6.1.1.jar
7f23a9013000-7f23a9015000 r--s 00019000 08:05 162018                     /home/amberlei/.m2/repository/org/ow2/asm/asm/6.1.1/asm-6.1.1.jar
7f23a9015000-7f23a9017000 r--s 0000c000 08:05 161990                     /home/amberlei/.m2/repository/org/eclipse/jetty/jetty-plus/9.4.10.v20180503/jetty-plus-9.4.10.v20180503.jar
7f23a9017000-7f23a901a000 r--s 00011000 08:05 161986                     /home/amberlei/.m2/repository/org/eclipse/jetty/jetty-annotations/9.4.10.v20180503/jetty-annotations-9.4.10.v20180503.jar
7f23a901a000-7f23a901b000 r--s 00008000 08:05 162002                     /home/amberlei/.m2/repository/org/eclipse/jetty/websocket/javax-websocket-server-impl/9.4.10.v20180503/javax-websocket-server-impl-9.4.10.v20180503.jar
7f23a901b000-7f23a901e000 r--s 00015000 08:05 1986437                    /home/amberlei/.m2/repository/javax/servlet/javax.servlet-api/3.1.0/javax.servlet-api-3.1.0.jar
7f23a901e000-7f23a9020000 r--s 00004000 08:05 161985                     /home/amberlei/.m2/repository/org/eclipse/jetty/websocket/websocket-servlet/9.4.10.v20180503/websocket-servlet-9.4.10.v20180503.jar
7f23a9020000-7f23a9026000 r--s 0003f000 08:05 162004                     /home/amberlei/.m2/repository/org/eclipse/jetty/jetty-client/9.4.10.v20180503/jetty-client-9.4.10.v20180503.jar
7f23a9026000-7f23a9028000 r--s 00007000 08:05 162023                     /home/amberlei/.m2/repository/org/eclipse/jetty/websocket/websocket-client/9.4.10.v20180503/websocket-client-9.4.10.v20180503.jar
7f23a9028000-7f23a902b000 r--s 00008000 08:05 161982                     /home/amberlei/.m2/repository/org/eclipse/jetty/websocket/websocket-api/9.4.10.v20180503/websocket-api-9.4.10.v20180503.jar
7f23a902b000-7f23a902f000 r--s 0002c000 08:05 161984                     /home/amberlei/.m2/repository/org/eclipse/jetty/websocket/websocket-common/9.4.10.v20180503/websocket-common-9.4.10.v20180503.jar
7f23a902f000-7f23a9031000 r--s 00007000 08:05 162015                     /home/amberlei/.m2/repository/org/eclipse/jetty/websocket/websocket-server/9.4.10.v20180503/websocket-server-9.4.10.v20180503.jar
7f23a9031000-7f23a903a000 r--s 00088000 08:05 161992                     /home/amberlei/.m2/repository/org/eclipse/jetty/jetty-server/9.4.10.v20180503/jetty-server-9.4.10.v20180503.jar
7f23a903a000-7f23a903c000 r--s 00015000 08:05 161991                     /home/amberlei/.m2/repository/org/eclipse/jetty/jetty-security/9.4.10.v20180503/jetty-security-9.4.10.v20180503.jar
7f23a903c000-7f23a903f000 r--s 00019000 08:05 161979                     /home/amberlei/.m2/repository/org/eclipse/jetty/jetty-servlet/9.4.10.v20180503/jetty-servlet-9.4.10.v20180503.jar
7f23a903f000-7f23a9040000 r--s 0000c000 08:05 162008                     /home/amberlei/.m2/repository/org/eclipse/jetty/jetty-xml/9.4.10.v20180503/jetty-xml-9.4.10.v20180503.jar
7f23a9040000-7f23a9043000 r--s 0001d000 08:05 161981                     /home/amberlei/.m2/repository/org/eclipse/jetty/jetty-webapp/9.4.10.v20180503/jetty-webapp-9.4.10.v20180503.jar
7f23a9043000-7f23a9046000 r--s 0001e000 08:05 161999                     /home/amberlei/.m2/repository/org/eclipse/jetty/jetty-io/9.4.10.v20180503/jetty-io-9.4.10.v20180503.jar
7f23a9046000-7f23a904e000 r--s 00072000 08:05 161983                     /home/amberlei/.m2/repository/org/eclipse/jetty/jetty-util/9.4.10.v20180503/jetty-util-9.4.10.v20180503.jar
7f23a904e000-7f23a9052000 r--s 0002c000 08:05 161993                     /home/amberlei/.m2/repository/org/eclipse/jetty/jetty-http/9.4.10.v20180503/jetty-http-9.4.10.v20180503.jar
7f23a9052000-7f23a9054000 r--s 00003000 08:05 161971                     /home/amberlei/.m2/repository/org/eclipse/jetty/jetty-continuation/9.4.10.v20180503/jetty-continuation-9.4.10.v20180503.jar
7f23a9054000-7f23a9056000 r--s 00015000 08:05 161975                     /home/amberlei/.m2/repository/org/eclipse/jetty/jetty-servlets/9.4.10.v20180503/jetty-servlets-9.4.10.v20180503.jar
7f23a9056000-7f23a9057000 r--s 00000000 08:05 160933                     /home/amberlei/.m2/repository/org/springframework/boot/spring-boot-starter-jetty/2.0.5.RELEASE/spring-boot-starter-jetty-2.0.5.RELEASE.jar
7f23a9057000-7f23a9059000 r--s 00005000 08:05 1848366                    /home/amberlei/.m2/repository/xpp3/xpp3_min/1.1.4c/xpp3_min-1.1.4c.jar
7f23a9059000-7f23a905a000 r--s 00001000 08:05 1848365                    /home/amberlei/.m2/repository/xmlpull/xmlpull/1.1.3.1/xmlpull-1.1.3.1.jar
7f23a905a000-7f23a9068000 r--s 00082000 08:05 161328                     /home/amberlei/.m2/repository/com/thoughtworks/xstream/xstream/1.4.10/xstream-1.4.10.jar
7f23a9068000-7f23a906a000 r--s 00009000 08:05 3445590                    /home/amberlei/.m2/repository/org/slf4j/slf4j-api/1.7.25/slf4j-api-1.7.25.jar
7f23a906a000-7f23a906c000 r--s 00003000 08:05 161367                     /home/amberlei/.m2/repository/com/netflix/ribbon/ribbon-eureka/2.2.5/ribbon-eureka-2.2.5.jar
7f23a906c000-7f23a9085000 r--s 00102000 08:05 157765                     /home/amberlei/.m2/repository/io/reactivex/rxjava/1.3.8/rxjava-1.3.8.jar
7f23a9085000-7f23a9087000 r--s 00002000 08:05 18502                      /home/amberlei/.m2/repository/com/netflix/netflix-commons/netflix-statistics/0.1.1/netflix-statistics-0.1.1.jar
7f23a9087000-7f23a908b000 r--s 00024000 08:05 161394                     /home/amberlei/.m2/repository/com/netflix/ribbon/ribbon-loadbalancer/2.2.5/ribbon-loadbalancer-2.2.5.jar
7f23a908b000-7f23a908d000 r--s 00001000 08:05 161660                     /home/amberlei/.m2/repository/com/netflix/netflix-commons/netflix-commons-util/0.3.0/netflix-commons-util-0.3.0.jar
7f23a908d000-7f23a909a000 r--s 00083000 08:05 2119007                    /home/amberlei/.m2/repository/commons-collections/commons-collections/3.2.2/commons-collections-3.2.2.jar
7f23a909a000-7f23a909c000 r--s 0000c000 08:05 33233                      /home/amberlei/.m2/repository/com/netflix/ribbon/ribbon-httpclient/2.2.5/ribbon-httpclient-2.2.5.jar
7f23a909c000-7f23a90a0000 r--s 00011000 08:05 161384                     /home/amberlei/.m2/repository/com/netflix/ribbon/ribbon-core/2.2.5/ribbon-core-2.2.5.jar
7f23a90a0000-7f23a90a1000 r--s 00007000 08:05 161645                     /home/amberlei/.m2/repository/io/netty/netty-resolver/4.1.24.Final/netty-resolver-4.1.24.Final.jar
7f23a90a1000-7f23a90aa000 r--s 00067000 08:05 1704235                    /home/amberlei/.m2/repository/io/netty/netty-transport/4.1.24.Final/netty-transport-4.1.24.Final.jar
7f23a90aa000-7f23a90ac000 r--s 00006000 08:05 161488                     /home/amberlei/.m2/repository/io/netty/netty-transport-native-unix-common/4.1.24.Final/netty-transport-native-unix-common-4.1.24.Final.jar
7f23a90ac000-7f23a90b0000 r--s 0003f000 08:05 1704248                    /home/amberlei/.m2/repository/io/netty/netty-buffer/4.1.24.Final/netty-buffer-4.1.24.Final.jar
7f23a90b0000-7f23a90bc000 r--s 00081000 08:05 1704240                    /home/amberlei/.m2/repository/io/netty/netty-common/4.1.24.Final/netty-common-4.1.24.Final.jar
7f23a90bc000-7f23a90bf000 r--s 0001a000 08:05 1704238                    /home/amberlei/.m2/repository/io/netty/netty-transport-native-epoll/4.1.24.Final/netty-transport-native-epoll-4.1.24.Final.jar
7f23a90bf000-7f23a90c6000 r--s 00047000 08:05 1704234                    /home/amberlei/.m2/repository/io/netty/netty-codec/4.1.24.Final/netty-codec-4.1.24.Final.jar
7f23a90c6000-7f23a90d1000 r--s 0007f000 08:05 1704232                    /home/amberlei/.m2/repository/io/netty/netty-codec-http/4.1.24.Final/netty-codec-http-4.1.24.Final.jar
7f23a90d1000-7f23a90db000 r--s 00059000 08:05 18480                      /home/amberlei/.m2/repository/io/reactivex/rxnetty/0.4.9/rxnetty-0.4.9.jar
7f23a90db000-7f23a90e7000 r--s 00068000 08:05 18466                      /home/amberlei/.m2/repository/com/netflix/hystrix/hystrix-core/1.5.12/hystrix-core-1.5.12.jar
7f23a90e7000-7f23a90e9000 r--s 00006000 08:05 18478                      /home/amberlei/.m2/repository/io/reactivex/rxnetty-servo/0.4.9/rxnetty-servo-0.4.9.jar
7f23a90e9000-7f23a90ec000 r--s 0000b000 08:05 18476                      /home/amberlei/.m2/repository/io/reactivex/rxnetty-contexts/0.4.9/rxnetty-contexts-0.4.9.jar
7f23a90ec000-7f23a90ed000 r--s 00009000 08:05 161380                     /home/amberlei/.m2/repository/com/netflix/ribbon/ribbon-transport/2.2.5/ribbon-transport-2.2.5.jar
7f23a90ed000-7f23a90f1000 r--s 00012000 08:05 161336                     /home/amberlei/.m2/repository/com/netflix/ribbon/ribbon/2.2.5/ribbon-2.2.5.jar
7f23a90f1000-7f23a90f2000 r--s 00000000 08:05 161621                     /home/amberlei/.m2/repository/org/springframework/cloud/spring-cloud-starter-netflix-ribbon/2.0.0.RELEASE/spring-cloud-starter-netflix-ribbon-2.0.0.RELEASE.jar
7f23a90f2000-7f23a90f7000 r--s 00041000 08:05 3424840                    /home/amberlei/.m2/repository/commons-lang/commons-lang/2.6/commons-lang-2.6.jar
7f23a90f7000-7f23a90fe000 r--s 00050000 08:05 3424842                    /home/amberlei/.m2/repository/commons-configuration/commons-configuration/1.8/commons-configuration-1.8.jar
7f23a90fe000-7f23a9100000 r--s 00002000 08:05 161664                     /home/amberlei/.m2/repository/org/springframework/cloud/spring-cloud-netflix-archaius/2.0.0.RELEASE/spring-cloud-netflix-archaius-2.0.0.RELEASE.jar
7f23a9100000-7f23a9103000 r--s 00016000 08:05 161671                     /home/amberlei/.m2/repository/org/springframework/cloud/spring-cloud-netflix-ribbon/2.0.0.RELEASE/spring-cloud-netflix-ribbon-2.0.0.RELEASE.jar
7f23a9103000-7f23a9104000 r--s 00000000 08:05 161667                     /home/amberlei/.m2/repository/org/springframework/cloud/spring-cloud-starter-netflix-archaius/2.0.0.RELEASE/spring-cloud-starter-netflix-archaius-2.0.0.RELEASE.jar
7f23a9104000-7f23a9108000 r--s 00024000 08:05 1986449                    /home/amberlei/.m2/repository/org/codehaus/woodstox/stax2-api/3.1.4/stax2-api-3.1.4.jar
7f23a9108000-7f23a910a000 r--s 00004000 08:05 3338888                    /home/amberlei/.m2/repository/javax/xml/stream/stax-api/1.0-2/stax-api-1.0-2.jar
7f23a910a000-7f23a9110000 r--s 00071000 08:05 1986443                    /home/amberlei/.m2/repository/org/codehaus/woodstox/woodstox-core-asl/4.4.1/woodstox-core-asl-4.4.1.jar
7f23a9110000-7f23a9115000 r--s 00039000 08:05 161622                     /home/amberlei/.m2/repository/com/netflix/eureka/eureka-core/1.9.2/eureka-core-1.9.2.jar
7f23a9115000-7f23a9128000 r--s 00135000 08:05 1708412                    /home/amberlei/.m2/repository/com/fasterxml/jackson/core/jackson-databind/2.9.5/jackson-databind-2.9.5.jar
7f23a9128000-7f23a912c000 r--s 0004b000 08:05 1708403                    /home/amberlei/.m2/repository/com/fasterxml/jackson/core/jackson-core/2.9.5/jackson-core-2.9.5.jar
7f23a912c000-7f23a912f000 r--s 0000e000 08:05 1708408                    /home/amberlei/.m2/repository/com/fasterxml/jackson/core/jackson-annotations/2.9.0/jackson-annotations-2.9.0.jar
7f23a912f000-7f23a9134000 r--s 00024000 08:05 442856                     /home/amberlei/.m2/repository/com/github/andrewoma/dexx/dexx-collections/0.2/dexx-collections-0.2.jar
7f23a9134000-7f23a9135000 r--s 00004000 08:05 442854                     /home/amberlei/.m2/repository/com/github/vlsi/compactmap/compactmap/1.2.1/compactmap-1.2.1.jar
7f23a9135000-7f23a9137000 r--s 00000000 08:05 2772797                    /home/amberlei/.m2/repository/aopalliance/aopalliance/1.0/aopalliance-1.0.jar
7f23a9137000-7f23a9138000 r--s 00000000 08:05 2772790                    /home/amberlei/.m2/repository/javax/inject/javax.inject/1/javax.inject-1.jar
7f23a9138000-7f23a9146000 r--s 00097000 08:05 2914616                    /home/amberlei/.m2/repository/com/google/inject/guice/4.1.0/guice-4.1.0.jar
7f23a9146000-7f23a914d000 r--s 0004b000 08:05 441120                     /home/amberlei/.m2/repository/commons-codec/commons-codec/1.11/commons-codec-1.11.jar
7f23a914d000-7f23a9154000 r--s 00049000 08:05 161626                     /home/amberlei/.m2/repository/org/apache/httpcomponents/httpcore/4.4.9/httpcore-4.4.9.jar
7f23a9154000-7f23a9162000 r--s 000ae000 08:05 3339102                    /home/amberlei/.m2/repository/org/apache/httpcomponents/httpclient/4.5.5/httpclient-4.5.5.jar
7f23a9162000-7f23a9164000 r--s 00003000 08:05 18492                      /home/amberlei/.m2/repository/com/sun/jersey/contribs/jersey-apache-client4/1.19.1/jersey-apache-client4-1.19.1.jar
7f23a9164000-7f23a9167000 r--s 0001e000 08:05 18486                      /home/amberlei/.m2/repository/com/sun/jersey/jersey-client/1.19.1/jersey-client-1.19.1.jar
7f23a9167000-7f23a9171000 r--s 00061000 08:05 18488                      /home/amberlei/.m2/repository/com/sun/jersey/jersey-core/1.19.1/jersey-core-1.19.1.jar
7f23a9171000-7f23a9176000 r--s 00033000 08:05 161658                     /home/amberlei/.m2/repository/com/netflix/servo/servo-core/0.12.21/servo-core-0.12.21.jar
7f23a9176000-7f23a9178000 r--s 0000a000 08:05 18490                      /home/amberlei/.m2/repository/javax/ws/rs/jsr311-api/1.1.1/jsr311-api-1.1.1.jar
7f23a9178000-7f23a91a3000 r--s 001f5000 08:05 161358                     /home/amberlei/.m2/repository/com/google/guava/guava/16.0/guava-16.0.jar
7f23a91a3000-7f23a91a7000 r--s 0001f000 08:05 161654                     /home/amberlei/.m2/repository/com/netflix/archaius/archaius-core/0.7.6/archaius-core-0.7.6.jar
7f23a91a7000-7f23a91ba000 r--s 000df000 08:05 2914614                    /home/amberlei/.m2/repository/org/apache/commons/commons-math/2.2/commons-math-2.2.jar
7f23a91ba000-7f23a91bf000 r--s 00036000 08:05 2914898                    /home/amberlei/.m2/repository/com/google/code/gson/gson/2.8.4/gson-2.8.4.jar
7f23a91bf000-7f23a91c2000 r--s 00022000 08:05 30771                      /home/amberlei/.m2/repository/org/antlr/stringtemplate/3.2.1/stringtemplate-3.2.1.jar
7f23a91c2000-7f23a91c6000 r--s 00025000 08:05 30694                      /home/amberlei/.m2/repository/org/antlr/antlr-runtime/3.4/antlr-runtime-3.4.jar
7f23a91c6000-7f23a91d7000 r--s 0008a000 08:05 30692                      /home/amberlei/.m2/repository/joda-time/joda-time/2.9.9/joda-time-2.9.9.jar
7f23a91d7000-7f23a91dd000 r--s 00044000 08:05 3424863                    /home/amberlei/.m2/repository/commons-jxpath/commons-jxpath/1.3/commons-jxpath-1.3.jar
7f23a91dd000-7f23a91e0000 r--s 00016000 08:05 30687                      /home/amberlei/.m2/repository/com/netflix/netflix-commons/netflix-infix/0.3.0/netflix-infix-0.3.0.jar
7f23a91e0000-7f23a91e2000 r--s 0000f000 08:05 30685                      /home/amberlei/.m2/repository/com/netflix/netflix-commons/netflix-eventbus/0.3.0/netflix-eventbus-0.3.0.jar
7f23a91e2000-7f23a91e4000 r--s 00005000 08:05 441143                     /home/amberlei/.m2/repository/stax/stax-api/1.0.1/stax-api-1.0.1.jar
7f23a91e4000-7f23a91e7000 r--s 00012000 08:05 2914612                    /home/amberlei/.m2/repository/org/codehaus/jettison/jettison/1.3.7/jettison-1.3.7.jar
7f23a91e7000-7f23a91f1000 r--s 00062000 08:05 161623                     /home/amberlei/.m2/repository/com/netflix/eureka/eureka-client/1.9.2/eureka-client-1.9.2.jar
7f23a91f1000-7f23a91f4000 r--s 00015000 08:05 161642                     /home/amberlei/.m2/repository/org/springframework/cloud/spring-cloud-netflix-eureka-client/2.0.0.RELEASE/spring-cloud-netflix-eureka-client-2.0.0.RELEASE.jar
7f23a91f4000-7f23a9215000 r--s 000fb000 08:05 919248                     /home/amberlei/.m2/repository/org/springframework/boot/spring-boot-autoconfigure/2.0.2.RELEASE/spring-boot-autoconfigure-2.0.2.RELEASE.jar
7f23a9215000-7f23a9217000 r--s 00005000 08:05 161631                     /home/amberlei/.m2/repository/org/springframework/cloud/spring-cloud-netflix-core/2.0.0.RELEASE/spring-cloud-netflix-core-2.0.0.RELEASE.jar
7f23a9217000-7f23a9262000 r--s 002ff000 08:05 161630                     /home/amberlei/.m2/repository/org/bouncycastle/bcprov-jdk15on/1.56/bcprov-jdk15on-1.56.jar
7f23a9262000-7f23a9273000 r--s 00097000 08:05 161628                     /home/amberlei/.m2/repository/org/bouncycastle/bcpkix-jdk15on/1.56/bcpkix-jdk15on-1.56.jar
7f23a9273000-7f23a9274000 r--s 00004000 08:05 161624                     /home/amberlei/.m2/repository/org/springframework/security/spring-security-rsa/1.0.5.RELEASE/spring-security-rsa-1.0.5.RELEASE.jar
7f23a9274000-7f23a9279000 r--s 0001b000 08:05 161639                     /home/amberlei/.m2/repository/org/springframework/cloud/spring-cloud-commons/2.0.0.RELEASE/spring-cloud-commons-2.0.0.RELEASE.jar
7f23a9279000-7f23a927b000 r--s 00010000 08:05 3169559                    /home/amberlei/.m2/repository/org/springframework/security/spring-security-crypto/5.0.5.RELEASE/spring-security-crypto-5.0.5.RELEASE.jar
7f23a927b000-7f23a927f000 r--s 00016000 08:05 161620                     /home/amberlei/.m2/repository/org/springframework/cloud/spring-cloud-context/2.0.0.RELEASE/spring-cloud-context-2.0.0.RELEASE.jar
7f23a927f000-7f23a9280000 r--s 00000000 08:05 161663                     /home/amberlei/.m2/repository/org/springframework/cloud/spring-cloud-starter/2.0.0.RELEASE/spring-cloud-starter-2.0.0.RELEASE.jar
7f23a9280000-7f23a9281000 r--s 00000000 08:05 161739                     /home/amberlei/.m2/repository/org/springframework/cloud/spring-cloud-starter-netflix-eureka-client/2.0.0.RELEASE/spring-cloud-starter-netflix-eureka-client-2.0.0.RELEASE.jar
7f23a9281000-7f23a9294000 r--s 00346000 08:05 2234712                    /usr/lib/jvm/java-8-openjdk-amd64/jre/lib/resources.jar
7f23a9294000-7f23a9295000 r--s 00000000 08:05 2234767                    /usr/lib/jvm/java-8-openjdk-amd64/jre/lib/management-agent.jar
7f23a9295000-7f23a929a000 r--s 000a0000 08:05 2234768                    /usr/lib/jvm/java-8-openjdk-amd64/jre/lib/jsse.jar
7f23a929a000-7f23a929c000 r--s 00016000 08:05 2234751                    /usr/lib/jvm/java-8-openjdk-amd64/jre/lib/jce.jar
7f23a929c000-7f23a92a1000 r--s 002f9000 08:05 2234759                    /usr/lib/jvm/java-8-openjdk-amd64/jre/lib/charsets.jar
7f23a92a1000-7f23a92ab000 r--s 00116000 08:05 2234680                    /usr/lib/jvm/java-8-openjdk-amd64/jre/lib/ext/localedata.jar
7f23a92ab000-7f23a92c6000 r--s 001d6000 08:05 2234682                    /usr/lib/jvm/java-8-openjdk-amd64/jre/lib/ext/nashorn.jar
7f23a92c6000-7f23a92e1000 r--s 00394000 08:05 2234683                    /usr/lib/jvm/java-8-openjdk-amd64/jre/lib/ext/cldrdata.jar
7f23a92e1000-7f23a92e4000 ---p 00000000 00:00 0 
7f23a92e4000-7f23a93e2000 rw-p 00000000 00:00 0 
7f23a93e2000-7f23a9da1000 r--p 00000000 08:05 2236386                    /usr/lib/locale/locale-archive
7f23a9da1000-7f23a9da4000 ---p 00000000 00:00 0 
7f23a9da4000-7f23a9ea2000 rw-p 00000000 00:00 0 
7f23a9ea2000-7f23a9ea5000 ---p 00000000 00:00 0 
7f23a9ea5000-7f23a9fa3000 rw-p 00000000 00:00 0 
7f23a9fa3000-7f23a9fa4000 ---p 00000000 00:00 0 
7f23a9fa4000-7f23ab001000 rw-p 00000000 00:00 0 
7f23ab001000-7f23ab1d0000 r--s 03c33000 08:05 2234679                    /usr/lib/jvm/java-8-openjdk-amd64/jre/lib/rt.jar
7f23ab1d0000-7f23ad000000 rw-p 00000000 00:00 0 
7f23ad000000-7f23ae1a0000 rwxp 00000000 00:00 0 
7f23ae1a0000-7f23bc000000 ---p 00000000 00:00 0 
7f23bc000000-7f23be268000 rw-p 00000000 00:00 0 
7f23be268000-7f23c0000000 ---p 00000000 00:00 0 
7f23c0000000-7f23c0001000 r--s 00010000 08:05 2234710                    /usr/lib/jvm/java-8-openjdk-amd64/jre/lib/ext/zipfs.jar
7f23c0001000-7f23c0004000 r--s 00038000 08:05 2234709                    /usr/lib/jvm/java-8-openjdk-amd64/jre/lib/ext/sunpkcs11.jar
7f23c0004000-7f23c0007000 r--s 0000f000 08:05 2234681                    /usr/lib/jvm/java-8-openjdk-amd64/jre/lib/ext/icedtea-sound.jar
7f23c0007000-7f23c09ea000 rw-p 00000000 00:00 0 
7f23c09ea000-7f23c09eb000 ---p 00000000 00:00 0 
7f23c09eb000-7f23c0aeb000 rw-p 00000000 00:00 0 
7f23c0aeb000-7f23c0aec000 ---p 00000000 00:00 0 
7f23c0aec000-7f23c0bec000 rw-p 00000000 00:00 0 
7f23c0bec000-7f23c0bed000 ---p 00000000 00:00 0 
7f23c0bed000-7f23c0ced000 rw-p 00000000 00:00 0 
7f23c0ced000-7f23c0cee000 ---p 00000000 00:00 0 
7f23c0cee000-7f23c0e16000 rw-p 00000000 00:00 0 
7f23c0e16000-7f23c0f30000 ---p 00000000 00:00 0 
7f23c0f30000-7f23c0f58000 rw-p 00000000 00:00 0 
7f23c0f58000-7f23c1072000 ---p 00000000 00:00 0 
7f23c1072000-7f23c1113000 rw-p 00000000 00:00 0 
7f23c1113000-7f23c115b000 rw-p 00000000 00:00 0 
7f23c115b000-7f23c14d4000 ---p 00000000 00:00 0 
7f23c14d4000-7f23c14dc000 r-xp 00000000 08:05 2234745                    /usr/lib/jvm/java-8-openjdk-amd64/jre/lib/amd64/libzip.so
7f23c14dc000-7f23c16db000 ---p 00008000 08:05 2234745                    /usr/lib/jvm/java-8-openjdk-amd64/jre/lib/amd64/libzip.so
7f23c16db000-7f23c16dc000 r--p 00007000 08:05 2234745                    /usr/lib/jvm/java-8-openjdk-amd64/jre/lib/amd64/libzip.so
7f23c16dc000-7f23c16dd000 rw-p 00008000 08:05 2234745                    /usr/lib/jvm/java-8-openjdk-amd64/jre/lib/amd64/libzip.so
7f23c16dd000-7f23c16e8000 r-xp 00000000 08:05 267574                     /lib/x86_64-linux-gnu/libnss_files-2.23.so
7f23c16e8000-7f23c18e7000 ---p 0000b000 08:05 267574                     /lib/x86_64-linux-gnu/libnss_files-2.23.so
7f23c18e7000-7f23c18e8000 r--p 0000a000 08:05 267574                     /lib/x86_64-linux-gnu/libnss_files-2.23.so
7f23c18e8000-7f23c18e9000 rw-p 0000b000 08:05 267574                     /lib/x86_64-linux-gnu/libnss_files-2.23.so
7f23c18e9000-7f23c18ef000 rw-p 00000000 00:00 0 
7f23c18ef000-7f23c18fa000 r-xp 00000000 08:05 267584                     /lib/x86_64-linux-gnu/libnss_nis-2.23.so
7f23c18fa000-7f23c1af9000 ---p 0000b000 08:05 267584                     /lib/x86_64-linux-gnu/libnss_nis-2.23.so
7f23c1af9000-7f23c1afa000 r--p 0000a000 08:05 267584                     /lib/x86_64-linux-gnu/libnss_nis-2.23.so
7f23c1afa000-7f23c1afb000 rw-p 0000b000 08:05 267584                     /lib/x86_64-linux-gnu/libnss_nis-2.23.so
7f23c1afb000-7f23c1b11000 r-xp 00000000 08:05 267568                     /lib/x86_64-linux-gnu/libnsl-2.23.so
7f23c1b11000-7f23c1d10000 ---p 00016000 08:05 267568                     /lib/x86_64-linux-gnu/libnsl-2.23.so
7f23c1d10000-7f23c1d11000 r--p 00015000 08:05 267568                     /lib/x86_64-linux-gnu/libnsl-2.23.so
7f23c1d11000-7f23c1d12000 rw-p 00016000 08:05 267568                     /lib/x86_64-linux-gnu/libnsl-2.23.so
7f23c1d12000-7f23c1d14000 rw-p 00000000 00:00 0 
7f23c1d14000-7f23c1d1c000 r-xp 00000000 08:05 267570                     /lib/x86_64-linux-gnu/libnss_compat-2.23.so
7f23c1d1c000-7f23c1f1b000 ---p 00008000 08:05 267570                     /lib/x86_64-linux-gnu/libnss_compat-2.23.so
7f23c1f1b000-7f23c1f1c000 r--p 00007000 08:05 267570                     /lib/x86_64-linux-gnu/libnss_compat-2.23.so
7f23c1f1c000-7f23c1f1d000 rw-p 00008000 08:05 267570                     /lib/x86_64-linux-gnu/libnss_compat-2.23.so
7f23c1f1d000-7f23c1f27000 r-xp 00000000 08:05 2234718                    /usr/lib/jvm/java-8-openjdk-amd64/jre/lib/amd64/libinstrument.so
7f23c1f27000-7f23c2126000 ---p 0000a000 08:05 2234718                    /usr/lib/jvm/java-8-openjdk-amd64/jre/lib/amd64/libinstrument.so
7f23c2126000-7f23c2127000 r--p 00009000 08:05 2234718                    /usr/lib/jvm/java-8-openjdk-amd64/jre/lib/amd64/libinstrument.so
7f23c2127000-7f23c2128000 rw-p 0000a000 08:05 2234718                    /usr/lib/jvm/java-8-openjdk-amd64/jre/lib/amd64/libinstrument.so
7f23c2128000-7f23c2155000 r-xp 00000000 08:05 2234750                    /usr/lib/jvm/java-8-openjdk-amd64/jre/lib/amd64/libjava.so
7f23c2155000-7f23c2354000 ---p 0002d000 08:05 2234750                    /usr/lib/jvm/java-8-openjdk-amd64/jre/lib/amd64/libjava.so
7f23c2354000-7f23c2355000 r--p 0002c000 08:05 2234750                    /usr/lib/jvm/java-8-openjdk-amd64/jre/lib/amd64/libjava.so
7f23c2355000-7f23c2357000 rw-p 0002d000 08:05 2234750                    /usr/lib/jvm/java-8-openjdk-amd64/jre/lib/amd64/libjava.so
7f23c2357000-7f23c2366000 r-xp 00000000 08:05 2234731                    /usr/lib/jvm/java-8-openjdk-amd64/jre/lib/amd64/libverify.so
7f23c2366000-7f23c2565000 ---p 0000f000 08:05 2234731                    /usr/lib/jvm/java-8-openjdk-amd64/jre/lib/amd64/libverify.so
7f23c2565000-7f23c2567000 r--p 0000e000 08:05 2234731                    /usr/lib/jvm/java-8-openjdk-amd64/jre/lib/amd64/libverify.so
7f23c2567000-7f23c2568000 rw-p 00010000 08:05 2234731                    /usr/lib/jvm/java-8-openjdk-amd64/jre/lib/amd64/libverify.so
7f23c2568000-7f23c256f000 r-xp 00000000 08:05 267629                     /lib/x86_64-linux-gnu/librt-2.23.so
7f23c256f000-7f23c276e000 ---p 00007000 08:05 267629                     /lib/x86_64-linux-gnu/librt-2.23.so
7f23c276e000-7f23c276f000 r--p 00006000 08:05 267629                     /lib/x86_64-linux-gnu/librt-2.23.so
7f23c276f000-7f23c2770000 rw-p 00007000 08:05 267629                     /lib/x86_64-linux-gnu/librt-2.23.so
7f23c2770000-7f23c2786000 r-xp 00000000 08:05 267513                     /lib/x86_64-linux-gnu/libgcc_s.so.1
7f23c2786000-7f23c2985000 ---p 00016000 08:05 267513                     /lib/x86_64-linux-gnu/libgcc_s.so.1
7f23c2985000-7f23c2986000 rw-p 00015000 08:05 267513                     /lib/x86_64-linux-gnu/libgcc_s.so.1
7f23c2986000-7f23c2a8e000 r-xp 00000000 08:05 267545                     /lib/x86_64-linux-gnu/libm-2.23.so
7f23c2a8e000-7f23c2c8d000 ---p 00108000 08:05 267545                     /lib/x86_64-linux-gnu/libm-2.23.so
7f23c2c8d000-7f23c2c8e000 r--p 00107000 08:05 267545                     /lib/x86_64-linux-gnu/libm-2.23.so
7f23c2c8e000-7f23c2c8f000 rw-p 00108000 08:05 267545                     /lib/x86_64-linux-gnu/libm-2.23.so
7f23c2c8f000-7f23c2e01000 r-xp 00000000 08:05 2230528                    /usr/lib/x86_64-linux-gnu/libstdc++.so.6.0.21
7f23c2e01000-7f23c3001000 ---p 00172000 08:05 2230528                    /usr/lib/x86_64-linux-gnu/libstdc++.so.6.0.21
7f23c3001000-7f23c300b000 r--p 00172000 08:05 2230528                    /usr/lib/x86_64-linux-gnu/libstdc++.so.6.0.21
7f23c300b000-7f23c300d000 rw-p 0017c000 08:05 2230528                    /usr/lib/x86_64-linux-gnu/libstdc++.so.6.0.21
7f23c300d000-7f23c3011000 rw-p 00000000 00:00 0 
7f23c3011000-7f23c3c72000 r-xp 00000000 08:05 2234725                    /usr/lib/jvm/java-8-openjdk-amd64/jre/lib/amd64/server/libjvm.so
7f23c3c72000-7f23c3e72000 ---p 00c61000 08:05 2234725                    /usr/lib/jvm/java-8-openjdk-amd64/jre/lib/amd64/server/libjvm.so
7f23c3e72000-7f23c3f06000 r--p 00c61000 08:05 2234725                    /usr/lib/jvm/java-8-openjdk-amd64/jre/lib/amd64/server/libjvm.so
7f23c3f06000-7f23c3f2f000 rw-p 00cf5000 08:05 2234725                    /usr/lib/jvm/java-8-openjdk-amd64/jre/lib/amd64/server/libjvm.so
7f23c3f2f000-7f23c3f5f000 rw-p 00000000 00:00 0 
7f23c3f5f000-7f23c3f77000 r-xp 00000000 08:05 267621                     /lib/x86_64-linux-gnu/libpthread-2.23.so
7f23c3f77000-7f23c4176000 ---p 00018000 08:05 267621                     /lib/x86_64-linux-gnu/libpthread-2.23.so
7f23c4176000-7f23c4177000 r--p 00017000 08:05 267621                     /lib/x86_64-linux-gnu/libpthread-2.23.so
7f23c4177000-7f23c4178000 rw-p 00018000 08:05 267621                     /lib/x86_64-linux-gnu/libpthread-2.23.so
7f23c4178000-7f23c417c000 rw-p 00000000 00:00 0 
7f23c417c000-7f23c417f000 r-xp 00000000 08:05 267499                     /lib/x86_64-linux-gnu/libdl-2.23.so
7f23c417f000-7f23c437e000 ---p 00003000 08:05 267499                     /lib/x86_64-linux-gnu/libdl-2.23.so
7f23c437e000-7f23c437f000 r--p 00002000 08:05 267499                     /lib/x86_64-linux-gnu/libdl-2.23.so
7f23c437f000-7f23c4380000 rw-p 00003000 08:05 267499                     /lib/x86_64-linux-gnu/libdl-2.23.so
7f23c4380000-7f23c4399000 r-xp 00000000 08:05 267666                     /lib/x86_64-linux-gnu/libz.so.1.2.8
7f23c4399000-7f23c4598000 ---p 00019000 08:05 267666                     /lib/x86_64-linux-gnu/libz.so.1.2.8
7f23c4598000-7f23c4599000 r--p 00018000 08:05 267666                     /lib/x86_64-linux-gnu/libz.so.1.2.8
7f23c4599000-7f23c459a000 rw-p 00019000 08:05 267666                     /lib/x86_64-linux-gnu/libz.so.1.2.8
7f23c459a000-7f23c475a000 r-xp 00000000 08:05 267475                     /lib/x86_64-linux-gnu/libc-2.23.so
7f23c475a000-7f23c495a000 ---p 001c0000 08:05 267475                     /lib/x86_64-linux-gnu/libc-2.23.so
7f23c495a000-7f23c495e000 r--p 001c0000 08:05 267475                     /lib/x86_64-linux-gnu/libc-2.23.so
7f23c495e000-7f23c4960000 rw-p 001c4000 08:05 267475                     /lib/x86_64-linux-gnu/libc-2.23.so
7f23c4960000-7f23c4964000 rw-p 00000000 00:00 0 
7f23c4964000-7f23c4971000 r-xp 00000000 08:05 2234736                    /usr/lib/jvm/java-8-openjdk-amd64/jre/lib/amd64/jli/libjli.so
7f23c4971000-7f23c4b71000 ---p 0000d000 08:05 2234736                    /usr/lib/jvm/java-8-openjdk-amd64/jre/lib/amd64/jli/libjli.so
7f23c4b71000-7f23c4b72000 r--p 0000d000 08:05 2234736                    /usr/lib/jvm/java-8-openjdk-amd64/jre/lib/amd64/jli/libjli.so
7f23c4b72000-7f23c4b73000 rw-p 0000e000 08:05 2234736                    /usr/lib/jvm/java-8-openjdk-amd64/jre/lib/amd64/jli/libjli.so
7f23c4b73000-7f23c4b99000 r-xp 00000000 08:05 267447                     /lib/x86_64-linux-gnu/ld-2.23.so
7f23c4b99000-7f23c4b9b000 r--s 00001000 08:05 2234711                    /usr/lib/jvm/java-8-openjdk-amd64/jre/lib/ext/dnsns.jar
7f23c4b9b000-7f23c4ba1000 r--s 0003b000 08:05 2234706                    /usr/lib/jvm/java-8-openjdk-amd64/jre/lib/ext/sunjce_provider.jar
7f23c4ba1000-7f23c4ba3000 r--s 00008000 08:05 2234707                    /usr/lib/jvm/java-8-openjdk-amd64/jre/lib/ext/sunec.jar
7f23c4ba3000-7f23c4c74000 rw-p 00000000 00:00 0 
7f23c4c74000-7f23c4c77000 ---p 00000000 00:00 0 
7f23c4c77000-7f23c4d79000 rw-p 00000000 00:00 0 
7f23c4d79000-7f23c4d7a000 r--s 0000a000 08:05 2234708                    /usr/lib/jvm/java-8-openjdk-amd64/jre/lib/ext/jaccess.jar
7f23c4d7a000-7f23c4d8d000 rw-p 00000000 00:00 0 
7f23c4d8d000-7f23c4d95000 rw-s 00000000 08:05 2765972                    /tmp/hsperfdata_amberlei/32648
7f23c4d95000-7f23c4d96000 rw-p 00000000 00:00 0 
7f23c4d96000-7f23c4d97000 r--p 00000000 00:00 0 
7f23c4d97000-7f23c4d98000 rw-p 00000000 00:00 0 
7f23c4d98000-7f23c4d99000 r--p 00025000 08:05 267447                     /lib/x86_64-linux-gnu/ld-2.23.so
7f23c4d99000-7f23c4d9a000 rw-p 00026000 08:05 267447                     /lib/x86_64-linux-gnu/ld-2.23.so
7f23c4d9a000-7f23c4d9b000 rw-p 00000000 00:00 0 
7fff86768000-7fff8678e000 rw-p 00000000 00:00 0                          [stack]
7fff86796000-7fff86799000 r--p 00000000 00:00 0                          [vvar]
7fff86799000-7fff8679b000 r-xp 00000000 00:00 0                          [vdso]
ffffffffff600000-ffffffffff601000 r-xp 00000000 00:00 0                  [vsyscall]

VM Arguments:
jvm_args: -javaagent:/opt/intellij-idea-community/lib/idea_rt.jar=43763:/opt/intellij-idea-community/bin -Dfile.encoding=UTF-8 
java_command: com.amber.ProvoidApplication9001
java_class_path (initial): /usr/lib/jvm/java-8-openjdk-amd64/jre/lib/charsets.jar:/usr/lib/jvm/java-8-openjdk-amd64/jre/lib/ext/cldrdata.jar:/usr/lib/jvm/java-8-openjdk-amd64/jre/lib/ext/dnsns.jar:/usr/lib/jvm/java-8-openjdk-amd64/jre/lib/ext/icedtea-sound.jar:/usr/lib/jvm/java-8-openjdk-amd64/jre/lib/ext/jaccess.jar:/usr/lib/jvm/java-8-openjdk-amd64/jre/lib/ext/localedata.jar:/usr/lib/jvm/java-8-openjdk-amd64/jre/lib/ext/nashorn.jar:/usr/lib/jvm/java-8-openjdk-amd64/jre/lib/ext/sunec.jar:/usr/lib/jvm/java-8-openjdk-amd64/jre/lib/ext/sunjce_provider.jar:/usr/lib/jvm/java-8-openjdk-amd64/jre/lib/ext/sunpkcs11.jar:/usr/lib/jvm/java-8-openjdk-amd64/jre/lib/ext/zipfs.jar:/usr/lib/jvm/java-8-openjdk-amd64/jre/lib/jce.jar:/usr/lib/jvm/java-8-openjdk-amd64/jre/lib/jsse.jar:/usr/lib/jvm/java-8-openjdk-amd64/jre/lib/management-agent.jar:/usr/lib/jvm/java-8-openjdk-amd64/jre/lib/resources.jar:/usr/lib/jvm/java-8-openjdk-amd64/jre/lib/rt.jar:/home/amberlei/workspaces/Learning/springcloud/cloud-dept-load-balance/could-dept-provide-dept-8001/target/classes:/home/amberlei/workspaces/Learning/springcloud/cloud-dept-load-balance/could-dept-api/target/classes:/home/amberlei/.m2/repository/org/springframework/cloud/spring-cloud-starter-netflix-eureka-client/2.0.0.RELEASE/spring-cloud-starter-netflix-eureka-client-2.0.0.RELEASE.jar:/home/amberlei/.m2/repository/org/springframework/cloud/spring-cloud-starter/2.0.0.RELEASE/spring-cloud-starter-2.0.0.RELEASE.jar:/home/amberlei/.m2/repository/org/springframework/cloud/spring-cloud-context/2.0.0.RELEASE/spring-cloud-context-2.0.0.RELEASE.jar:/home/amberlei/.m2/repository/org/springframework/security/spring-security-crypto/5.0.5.RELEASE/spring-security-crypto-5.0.5.RELEASE.jar:/home/amberlei/.m2/repository/org/springframework/cloud/spring-cloud-commons/2.0.0.RELEASE/spring-cloud-commons-2.0.0.RELEASE.jar:/home/amberlei/.m2/repository/org/springframework/security/spring-security-rsa/1.0.5.RELEASE/spring-security-rsa-1.0.5.RELEASE.jar:/home
Launcher Type: SUN_STANDARD

Environment Variables:
PATH=/home/amberlei/.local/share/umake/bin:/home/amberlei/bin:/home/amberlei/.local/bin:/usr/local/sbin:/usr/local/bin:/usr/sbin:/usr/bin:/sbin:/bin:/usr/games:/usr/local/games
SHELL=/bin/bash
DISPLAY=:0

Signal Handlers:
SIGSEGV: [libjvm.so+0xa74e00], sa_mask[0]=11111111011111111101111111111110, sa_flags=SA_RESTART|SA_SIGINFO
SIGBUS: [libjvm.so+0xa74e00], sa_mask[0]=11111111011111111101111111111110, sa_flags=SA_RESTART|SA_SIGINFO
SIGFPE: [libjvm.so+0x8bbe10], sa_mask[0]=11111111011111111101111111111110, sa_flags=SA_RESTART|SA_SIGINFO
SIGPIPE: [libjvm.so+0x8bbe10], sa_mask[0]=11111111011111111101111111111110, sa_flags=SA_RESTART|SA_SIGINFO
SIGXFSZ: [libjvm.so+0x8bbe10], sa_mask[0]=11111111011111111101111111111110, sa_flags=SA_RESTART|SA_SIGINFO
SIGILL: [libjvm.so+0x8bbe10], sa_mask[0]=11111111011111111101111111111110, sa_flags=SA_RESTART|SA_SIGINFO
SIGUSR1: SIG_DFL, sa_mask[0]=00000000000000000000000000000000, sa_flags=none
SIGUSR2: [libjvm.so+0x8bbcc0], sa_mask[0]=00100000000000000000000000000000, sa_flags=SA_RESTART|SA_SIGINFO
SIGHUP: [libjvm.so+0x8bc350], sa_mask[0]=11111111011111111101111111111110, sa_flags=SA_RESTART|SA_SIGINFO
SIGINT: [libjvm.so+0x8bc350], sa_mask[0]=11111111011111111101111111111110, sa_flags=SA_RESTART|SA_SIGINFO
SIGTERM: [libjvm.so+0x8bc350], sa_mask[0]=11111111011111111101111111111110, sa_flags=SA_RESTART|SA_SIGINFO
SIGQUIT: [libjvm.so+0x8bc350], sa_mask[0]=11111111011111111101111111111110, sa_flags=SA_RESTART|SA_SIGINFO


---------------  S Y S T E M  ---------------

OS:DISTRIB_ID=Ubuntu
DISTRIB_RELEASE=16.04
DISTRIB_CODENAME=xenial
DISTRIB_DESCRIPTION="Ubuntu 16.04.5 LTS"

uname:Linux 4.13.0-39-generic #44~16.04.1-Ubuntu SMP Thu Apr 5 16:43:10 UTC 2018 x86_64
libc:glibc 2.23 NPTL 2.23 
rlimit: STACK 8192k, CORE 0k, NPROC 15036, NOFILE 1048576, AS infinity
load average:107.51 53.24 23.23

/proc/meminfo:
MemTotal:        3952164 kB
MemFree:           97116 kB
MemAvailable:       3976 kB
Buffers:            1096 kB
Cached:           128404 kB
SwapCached:         1012 kB
Active:          2968420 kB
Inactive:         603352 kB
Active(anon):    2958772 kB
Inactive(anon):   591820 kB
Active(file):       9648 kB
Inactive(file):    11532 kB
Unevictable:         128 kB
Mlocked:             128 kB
SwapTotal:       4106236 kB
SwapFree:          44112 kB
Dirty:                60 kB
Writeback:           944 kB
AnonPages:       3445624 kB
Mapped:            16116 kB
Shmem:            108284 kB
Slab:              93328 kB
SReclaimable:      37020 kB
SUnreclaim:        56308 kB
KernelStack:       21744 kB
PageTables:        69424 kB
NFS_Unstable:          0 kB
Bounce:                0 kB
WritebackTmp:          0 kB
CommitLimit:     6082316 kB
Committed_AS:   15101068 kB
VmallocTotal:   34359738367 kB
VmallocUsed:           0 kB
VmallocChunk:          0 kB
HardwareCorrupted:     0 kB
AnonHugePages:         0 kB
ShmemHugePages:        0 kB
ShmemPmdMapped:        0 kB
CmaTotal:              0 kB
CmaFree:               0 kB
HugePages_Total:       0
HugePages_Free:        0
HugePages_Rsvd:        0
HugePages_Surp:        0
Hugepagesize:       2048 kB
DirectMap4k:      211904 kB
DirectMap2M:     3895296 kB
DirectMap1G:     1048576 kB

container (cgroup) information:
container_type: cgroupv1
cpu_cpuset_cpus: 0-3
cpu_memory_nodes: 0
active_processor_count: 4
cpu_quota: -1
cpu_period: 100000
cpu_shares: -1
memory_limit_in_bytes: -1
memory_and_swap_limit_in_bytes: -2
memory_soft_limit_in_bytes: -1
memory_usage_in_bytes: 3662540800
memory_max_usage_in_bytes: 28954624


CPU:total 4 (initial active 4) (2 cores per cpu, 2 threads per core) family 6 model 61 stepping 4, cmov, cx8, fxsr, mmx, sse, sse2, sse3, ssse3, sse4.1, sse4.2, popcnt, avx, avx2, aes, clmul, erms, 3dnowpref, lzcnt, ht, tsc, tscinvbit, bmi1, bmi2, adx

/proc/cpuinfo:
processor	: 0
vendor_id	: GenuineIntel
cpu family	: 6
model		: 61
model name	: Intel(R) Core(TM) i3-5005U CPU @ 2.00GHz
stepping	: 4
microcode	: 0x1d
cpu MHz		: 1895.568
cache size	: 3072 KB
physical id	: 0
siblings	: 4
core id		: 0
cpu cores	: 2
apicid		: 0
initial apicid	: 0
fpu		: yes
fpu_exception	: yes
cpuid level	: 20
wp		: yes
flags		: fpu vme de pse tsc msr pae mce cx8 apic sep mtrr pge mca cmov pat pse36 clflush dts acpi mmx fxsr sse sse2 ss ht tm pbe syscall nx pdpe1gb rdtscp lm constant_tsc arch_perfmon pebs bts rep_good nopl xtopology nonstop_tsc cpuid aperfmperf pni pclmulqdq dtes64 monitor ds_cpl vmx est tm2 ssse3 sdbg fma cx16 xtpr pdcm pcid sse4_1 sse4_2 x2apic movbe popcnt aes xsave avx f16c rdrand lahf_lm abm 3dnowprefetch cpuid_fault epb invpcid_single pti retpoline intel_pt tpr_shadow vnmi flexpriority ept vpid fsgsbase tsc_adjust bmi1 avx2 smep bmi2 erms invpcid rdseed adx smap xsaveopt dtherm arat pln pts
bugs		: cpu_meltdown spectre_v1 spectre_v2
bogomips	: 3990.66
clflush size	: 64
cache_alignment	: 64
address sizes	: 39 bits physical, 48 bits virtual
power management:

processor	: 1
vendor_id	: GenuineIntel
cpu family	: 6
model		: 61
model name	: Intel(R) Core(TM) i3-5005U CPU @ 2.00GHz
stepping	: 4
microcode	: 0x1d
cpu MHz		: 1895.563
cache size	: 3072 KB
physical id	: 0
siblings	: 4
core id		: 1
cpu cores	: 2
apicid		: 2
initial apicid	: 2
fpu		: yes
fpu_exception	: yes
cpuid level	: 20
wp		: yes
flags		: fpu vme de pse tsc msr pae mce cx8 apic sep mtrr pge mca cmov pat pse36 clflush dts acpi mmx fxsr sse sse2 ss ht tm pbe syscall nx pdpe1gb rdtscp lm constant_tsc arch_perfmon pebs bts rep_good nopl xtopology nonstop_tsc cpuid aperfmperf pni pclmulqdq dtes64 monitor ds_cpl vmx est tm2 ssse3 sdbg fma cx16 xtpr pdcm pcid sse4_1 sse4_2 x2apic movbe popcnt aes xsave avx f16c rdrand lahf_lm abm 3dnowprefetch cpuid_fault epb invpcid_single pti retpoline intel_pt tpr_shadow vnmi flexpriority ept vpid fsgsbase tsc_adjust bmi1 avx2 smep bmi2 erms invpcid rdseed adx smap xsaveopt dtherm arat pln pts
bugs		: cpu_meltdown spectre_v1 spectre_v2
bogomips	: 3990.66
clflush size	: 64
cache_alignment	: 64
address sizes	: 39 bits physical, 48 bits virtual
power management:

processor	: 2
vendor_id	: GenuineIntel
cpu family	: 6
model		: 61
model name	: Intel(R) Core(TM) i3-5005U CPU @ 2.00GHz
stepping	: 4
microcode	: 0x1d
cpu MHz		: 1886.067
cache size	: 3072 KB
physical id	: 0
siblings	: 4
core id		: 0
cpu cores	: 2
apicid		: 1
initial apicid	: 1
fpu		: yes
fpu_exception	: yes
cpuid level	: 20
wp		: yes
flags		: fpu vme de pse tsc msr pae mce cx8 apic sep mtrr pge mca cmov pat pse36 clflush dts acpi mmx fxsr sse sse2 ss ht tm pbe syscall nx pdpe1gb rdtscp lm constant_tsc arch_perfmon pebs bts rep_good nopl xtopology nonstop_tsc cpuid aperfmperf pni pclmulqdq dtes64 monitor ds_cpl vmx est tm2 ssse3 sdbg fma cx16 xtpr pdcm pcid sse4_1 sse4_2 x2apic movbe popcnt aes xsave avx f16c rdrand lahf_lm abm 3dnowprefetch cpuid_fault epb invpcid_single pti retpoline intel_pt tpr_shadow vnmi flexpriority ept vpid fsgsbase tsc_adjust bmi1 avx2 smep bmi2 erms invpcid rdseed adx smap xsaveopt dtherm arat pln pts
bugs		: cpu_meltdown spectre_v1 spectre_v2
bogomips	: 3990.66
clflush size	: 64
cache_alignment	: 64
address sizes	: 39 bits physical, 48 bits virtual
power management:

processor	: 3
vendor_id	: GenuineIntel
cpu family	: 6
model		: 61
model name	: Intel(R) Core(TM) i3-5005U CPU @ 2.00GHz
stepping	: 4
microcode	: 0x1d
cpu MHz		: 1895.571
cache size	: 3072 KB
physical id	: 0
siblings	: 4
core id		: 1
cpu cores	: 2
apicid		: 3
initial apicid	: 3
fpu		: yes
fpu_exception	: yes
cpuid level	: 20
wp		: yes
flags		: fpu vme de pse tsc msr pae mce cx8 apic sep mtrr pge mca cmov pat pse36 clflush dts acpi mmx fxsr sse sse2 ss ht tm pbe syscall nx pdpe1gb rdtscp lm constant_tsc arch_perfmon pebs bts rep_good nopl xtopology nonstop_tsc cpuid aperfmperf pni pclmulqdq dtes64 monitor ds_cpl vmx est tm2 ssse3 sdbg fma cx16 xtpr pdcm pcid sse4_1 sse4_2 x2apic movbe popcnt aes xsave avx f16c rdrand lahf_lm abm 3dnowprefetch cpuid_fault epb invpcid_single pti retpoline intel_pt tpr_shadow vnmi flexpriority ept vpid fsgsbase tsc_adjust bmi1 avx2 smep bmi2 erms invpcid rdseed adx smap xsaveopt dtherm arat pln pts
bugs		: cpu_meltdown spectre_v1 spectre_v2
bogomips	: 3990.66
clflush size	: 64
cache_alignment	: 64
address sizes	: 39 bits physical, 48 bits virtual
power management:



Memory: 4k page, physical 3952164k(91140k free), swap 4106236k(43968k free)

vm_info: OpenJDK 64-Bit Server VM (25.191-b12) for linux-amd64 JRE (1.8.0_191-8u191-b12-0ubuntu0.16.04.1-b12), built on Nov 20 2018 15:24:40 by "buildd" with gcc 5.4.0 20160609

time: Tue Dec 11 22:51:20 2018
elapsed time: 1514 seconds (0d 0h 25m 14s)

